[33mWARNING[0m:  [01-10-2024 20:09:21] chroma_server_nofile is not supported on Windows. chroma_server_nofile will not be set.
[32mINFO[0m:     [01-10-2024 20:09:22] Anonymized telemetry enabled. See                     https://docs.trychroma.com/telemetry for more information.
[36mDEBUG[0m:    [01-10-2024 20:09:22] Starting component System
[36mDEBUG[0m:    [01-10-2024 20:09:22] Starting component OpenTelemetryClient
[36mDEBUG[0m:    [01-10-2024 20:09:22] Starting component SqliteDB
[36mDEBUG[0m:    [01-10-2024 20:09:22] Starting component QuotaEnforcer
[36mDEBUG[0m:    [01-10-2024 20:09:22] Starting component Posthog
[36mDEBUG[0m:    [01-10-2024 20:09:22] Starting component LocalSegmentManager
[36mDEBUG[0m:    [01-10-2024 20:09:22] Starting component SegmentAPI
[32mINFO[0m:     [01-10-2024 20:09:22] Started server process [[36m3060[0m]
[32mINFO[0m:     [01-10-2024 20:09:22] Waiting for application startup.
[32mINFO[0m:     [01-10-2024 20:09:22] Application startup complete.
[32mINFO[0m:     [01-10-2024 20:09:22] Uvicorn running on [1mhttp://localhost:8000[0m (Press CTRL+C to quit)
[32mINFO[0m:     [01-10-2024 20:13:14] ::1:50094 - "GET /api/v1/tenants/default_tenant HTTP/1.1" 200
[32mINFO[0m:     [01-10-2024 20:13:14] ::1:50095 - "GET /api/v1/databases/default_database?tenant=default_tenant HTTP/1.1" 200
[32mINFO[0m:     [01-10-2024 20:13:14] ::1:50094 - "POST /api/v1/collections?tenant=default_tenant&database=default_database HTTP/1.1" 200
[32mINFO[0m:     [01-10-2024 20:13:15] ::1:50094 - "POST /api/v1/collections/992d1349-a97b-429f-b844-76fdf629f11b/get HTTP/1.1" 200
[33mWARNING[0m:  [02-10-2024 18:41:09] chroma_server_nofile is not supported on Windows. chroma_server_nofile will not be set.
[32mINFO[0m:     [02-10-2024 18:41:09] Anonymized telemetry enabled. See                     https://docs.trychroma.com/telemetry for more information.
[36mDEBUG[0m:    [02-10-2024 18:41:09] Starting component System
[36mDEBUG[0m:    [02-10-2024 18:41:09] Starting component OpenTelemetryClient
[36mDEBUG[0m:    [02-10-2024 18:41:09] Starting component SqliteDB
[36mDEBUG[0m:    [02-10-2024 18:41:10] Starting component QuotaEnforcer
[36mDEBUG[0m:    [02-10-2024 18:41:10] Starting component Posthog
[36mDEBUG[0m:    [02-10-2024 18:41:10] Starting component LocalSegmentManager
[36mDEBUG[0m:    [02-10-2024 18:41:10] Starting component SegmentAPI
[32mINFO[0m:     [02-10-2024 18:41:10] Started server process [[36m14652[0m]
[32mINFO[0m:     [02-10-2024 18:41:10] Waiting for application startup.
[32mINFO[0m:     [02-10-2024 18:41:10] Application startup complete.
[32mINFO[0m:     [02-10-2024 18:41:10] Uvicorn running on [1mhttp://localhost:8000[0m (Press CTRL+C to quit)
[32mINFO[0m:     [02-10-2024 18:41:42] ::1:54739 - "GET /api/v1/tenants/default_tenant HTTP/1.1" 200
[32mINFO[0m:     [02-10-2024 18:41:42] ::1:54740 - "GET /api/v1/databases/default_database?tenant=default_tenant HTTP/1.1" 200
[32mINFO[0m:     [02-10-2024 18:41:42] ::1:54739 - "POST /api/v1/collections?tenant=default_tenant&database=default_database HTTP/1.1" 200
[32mINFO[0m:     [02-10-2024 18:41:45] ::1:54739 - "POST /api/v1/collections/b1d6f9eb-e757-4f68-bb4d-53327422bcdb/get HTTP/1.1" 200
[33mWARNING[0m:  [03-10-2024 12:50:47] chroma_server_nofile is not supported on Windows. chroma_server_nofile will not be set.
[32mINFO[0m:     [03-10-2024 12:50:48] Anonymized telemetry enabled. See                     https://docs.trychroma.com/telemetry for more information.
[36mDEBUG[0m:    [03-10-2024 12:50:48] Starting component System
[36mDEBUG[0m:    [03-10-2024 12:50:48] Starting component OpenTelemetryClient
[36mDEBUG[0m:    [03-10-2024 12:50:48] Starting component SqliteDB
[36mDEBUG[0m:    [03-10-2024 12:50:48] Starting component QuotaEnforcer
[36mDEBUG[0m:    [03-10-2024 12:50:48] Starting component Posthog
[36mDEBUG[0m:    [03-10-2024 12:50:48] Starting component LocalSegmentManager
[36mDEBUG[0m:    [03-10-2024 12:50:48] Starting component SegmentAPI
[32mINFO[0m:     [03-10-2024 12:50:48] Started server process [[36m14652[0m]
[32mINFO[0m:     [03-10-2024 12:50:48] Waiting for application startup.
[32mINFO[0m:     [03-10-2024 12:50:48] Application startup complete.
[32mINFO[0m:     [03-10-2024 12:50:48] Uvicorn running on [1mhttp://localhost:8000[0m (Press CTRL+C to quit)
[32mINFO[0m:     [03-10-2024 12:51:23] ::1:53999 - "GET /api/v1/tenants/default_tenant HTTP/1.1" 200
[32mINFO[0m:     [03-10-2024 12:51:23] ::1:53999 - "GET /api/v1/databases/default_database?tenant=default_tenant HTTP/1.1" 200
[36mDEBUG[0m:    [03-10-2024 12:51:23] Collection mandarake already exists, returning existing collection.
[32mINFO[0m:     [03-10-2024 12:51:23] ::1:53999 - "POST /api/v1/collections?tenant=default_tenant&database=default_database HTTP/1.1" 200
[32mINFO[0m:     [03-10-2024 12:51:24] ::1:53999 - "POST /api/v1/collections/b62021d5-5088-46c6-a312-1d52fe0bdcdc/get HTTP/1.1" 200
[32mINFO[0m:     [03-10-2024 12:53:59] ::1:54123 - "GET /api/v1/tenants/default_tenant HTTP/1.1" 200
[32mINFO[0m:     [03-10-2024 12:53:59] ::1:54123 - "GET /api/v1/databases/default_database?tenant=default_tenant HTTP/1.1" 200
[36mDEBUG[0m:    [03-10-2024 12:53:59] Collection mandarake already exists, returning existing collection.
[32mINFO[0m:     [03-10-2024 12:53:59] ::1:54123 - "POST /api/v1/collections?tenant=default_tenant&database=default_database HTTP/1.1" 200
[32mINFO[0m:     [03-10-2024 12:54:00] ::1:54123 - "POST /api/v1/collections/b62021d5-5088-46c6-a312-1d52fe0bdcdc/get HTTP/1.1" 200
[32mINFO[0m:     [03-10-2024 13:13:11] ::1:54797 - "GET /api/v1/tenants/default_tenant HTTP/1.1" 200
[32mINFO[0m:     [03-10-2024 13:13:11] ::1:54797 - "GET /api/v1/databases/default_database?tenant=default_tenant HTTP/1.1" 200
[36mDEBUG[0m:    [03-10-2024 13:13:11] Collection mandarake already exists, returning existing collection.
[32mINFO[0m:     [03-10-2024 13:13:11] ::1:54797 - "POST /api/v1/collections?tenant=default_tenant&database=default_database HTTP/1.1" 200
[32mINFO[0m:     [03-10-2024 13:13:12] ::1:54797 - "POST /api/v1/collections/b62021d5-5088-46c6-a312-1d52fe0bdcdc/get HTTP/1.1" 200
[33mWARNING[0m:  [08-10-2024 08:50:06] chroma_server_nofile is not supported on Windows. chroma_server_nofile will not be set.
[32mINFO[0m:     [08-10-2024 08:50:07] Anonymized telemetry enabled. See                     https://docs.trychroma.com/telemetry for more information.
[36mDEBUG[0m:    [08-10-2024 08:50:07] Starting component System
[36mDEBUG[0m:    [08-10-2024 08:50:07] Starting component OpenTelemetryClient
[36mDEBUG[0m:    [08-10-2024 08:50:07] Starting component SqliteDB
[36mDEBUG[0m:    [08-10-2024 08:50:07] Starting component QuotaEnforcer
[36mDEBUG[0m:    [08-10-2024 08:50:07] Starting component Posthog
[36mDEBUG[0m:    [08-10-2024 08:50:07] Starting component LocalSegmentManager
[36mDEBUG[0m:    [08-10-2024 08:50:07] Starting component SegmentAPI
[32mINFO[0m:     [08-10-2024 08:50:07] Started server process [[36m7988[0m]
[32mINFO[0m:     [08-10-2024 08:50:07] Waiting for application startup.
[32mINFO[0m:     [08-10-2024 08:50:07] Application startup complete.
[32mINFO[0m:     [08-10-2024 08:50:07] Uvicorn running on [1mhttp://localhost:8000[0m (Press CTRL+C to quit)
[32mINFO[0m:     [08-10-2024 08:51:23] ::1:59145 - "GET /api/v1/tenants/default_tenant HTTP/1.1" 200
[32mINFO[0m:     [08-10-2024 08:51:23] ::1:59145 - "GET /api/v1/databases/default_database?tenant=default_tenant HTTP/1.1" 200
[36mDEBUG[0m:    [08-10-2024 08:51:23] Collection mandarake already exists, returning existing collection.
[32mINFO[0m:     [08-10-2024 08:51:23] ::1:59145 - "POST /api/v1/collections?tenant=default_tenant&database=default_database HTTP/1.1" 200
[32mINFO[0m:     [08-10-2024 08:51:24] ::1:59145 - "POST /api/v1/collections/b62021d5-5088-46c6-a312-1d52fe0bdcdc/get HTTP/1.1" 200
[32mINFO[0m:     [08-10-2024 09:48:31] ::1:60499 - "GET /api/v1/tenants/default_tenant HTTP/1.1" 200
[32mINFO[0m:     [08-10-2024 09:48:31] ::1:60499 - "GET /api/v1/databases/default_database?tenant=default_tenant HTTP/1.1" 200
[36mDEBUG[0m:    [08-10-2024 09:48:31] Collection mandarake already exists, returning existing collection.
[32mINFO[0m:     [08-10-2024 09:48:31] ::1:60499 - "POST /api/v1/collections?tenant=default_tenant&database=default_database HTTP/1.1" 200
[32mINFO[0m:     [08-10-2024 09:48:41] ::1:60547 - "POST /api/v1/collections/b62021d5-5088-46c6-a312-1d52fe0bdcdc/get HTTP/1.1" 200
[32mINFO[0m:     [08-10-2024 09:48:41] ::1:60547 - "POST /api/v1/collections/b62021d5-5088-46c6-a312-1d52fe0bdcdc/get HTTP/1.1" 200
[32mINFO[0m:     [08-10-2024 09:48:42] ::1:60547 - "POST /api/v1/collections/b62021d5-5088-46c6-a312-1d52fe0bdcdc/get HTTP/1.1" 200
[32mINFO[0m:     [08-10-2024 09:48:42] ::1:60547 - "POST /api/v1/collections/b62021d5-5088-46c6-a312-1d52fe0bdcdc/get HTTP/1.1" 200
[32mINFO[0m:     [08-10-2024 09:48:42] ::1:60547 - "POST /api/v1/collections/b62021d5-5088-46c6-a312-1d52fe0bdcdc/get HTTP/1.1" 200
[32mINFO[0m:     [08-10-2024 09:48:42] ::1:60547 - "POST /api/v1/collections/b62021d5-5088-46c6-a312-1d52fe0bdcdc/get HTTP/1.1" 200
[32mINFO[0m:     [08-10-2024 09:48:42] ::1:60547 - "POST /api/v1/collections/b62021d5-5088-46c6-a312-1d52fe0bdcdc/get HTTP/1.1" 200
[32mINFO[0m:     [08-10-2024 09:48:42] ::1:60547 - "POST /api/v1/collections/b62021d5-5088-46c6-a312-1d52fe0bdcdc/get HTTP/1.1" 200
[32mINFO[0m:     [08-10-2024 09:48:42] ::1:60547 - "POST /api/v1/collections/b62021d5-5088-46c6-a312-1d52fe0bdcdc/get HTTP/1.1" 200
[32mINFO[0m:     [08-10-2024 09:48:42] ::1:60547 - "POST /api/v1/collections/b62021d5-5088-46c6-a312-1d52fe0bdcdc/get HTTP/1.1" 200
[32mINFO[0m:     [08-10-2024 09:48:42] ::1:60547 - "POST /api/v1/collections/b62021d5-5088-46c6-a312-1d52fe0bdcdc/get HTTP/1.1" 200
[32mINFO[0m:     [08-10-2024 09:48:42] ::1:60547 - "POST /api/v1/collections/b62021d5-5088-46c6-a312-1d52fe0bdcdc/get HTTP/1.1" 200
[32mINFO[0m:     [08-10-2024 09:48:42] ::1:60547 - "POST /api/v1/collections/b62021d5-5088-46c6-a312-1d52fe0bdcdc/get HTTP/1.1" 200
[32mINFO[0m:     [08-10-2024 09:48:42] ::1:60547 - "POST /api/v1/collections/b62021d5-5088-46c6-a312-1d52fe0bdcdc/get HTTP/1.1" 200
[32mINFO[0m:     [08-10-2024 09:48:43] ::1:60547 - "POST /api/v1/collections/b62021d5-5088-46c6-a312-1d52fe0bdcdc/get HTTP/1.1" 200
[32mINFO[0m:     [08-10-2024 09:48:43] ::1:60547 - "POST /api/v1/collections/b62021d5-5088-46c6-a312-1d52fe0bdcdc/get HTTP/1.1" 200
[32mINFO[0m:     [08-10-2024 09:48:43] ::1:60547 - "POST /api/v1/collections/b62021d5-5088-46c6-a312-1d52fe0bdcdc/get HTTP/1.1" 200
[32mINFO[0m:     [08-10-2024 09:48:43] ::1:60547 - "POST /api/v1/collections/b62021d5-5088-46c6-a312-1d52fe0bdcdc/get HTTP/1.1" 200
[32mINFO[0m:     [08-10-2024 09:48:43] ::1:60547 - "POST /api/v1/collections/b62021d5-5088-46c6-a312-1d52fe0bdcdc/get HTTP/1.1" 200
[32mINFO[0m:     [08-10-2024 09:48:43] ::1:60547 - "POST /api/v1/collections/b62021d5-5088-46c6-a312-1d52fe0bdcdc/get HTTP/1.1" 200
[32mINFO[0m:     [08-10-2024 09:48:43] ::1:60547 - "POST /api/v1/collections/b62021d5-5088-46c6-a312-1d52fe0bdcdc/get HTTP/1.1" 200
[32mINFO[0m:     [08-10-2024 09:48:43] ::1:60547 - "POST /api/v1/collections/b62021d5-5088-46c6-a312-1d52fe0bdcdc/get HTTP/1.1" 200
[32mINFO[0m:     [08-10-2024 09:48:43] ::1:60547 - "POST /api/v1/collections/b62021d5-5088-46c6-a312-1d52fe0bdcdc/get HTTP/1.1" 200
[32mINFO[0m:     [08-10-2024 09:48:43] ::1:60547 - "POST /api/v1/collections/b62021d5-5088-46c6-a312-1d52fe0bdcdc/get HTTP/1.1" 200
[32mINFO[0m:     [08-10-2024 09:48:43] ::1:60547 - "POST /api/v1/collections/b62021d5-5088-46c6-a312-1d52fe0bdcdc/get HTTP/1.1" 200
[32mINFO[0m:     [08-10-2024 09:48:44] ::1:60547 - "POST /api/v1/collections/b62021d5-5088-46c6-a312-1d52fe0bdcdc/get HTTP/1.1" 200
[32mINFO[0m:     [08-10-2024 09:48:44] ::1:60547 - "POST /api/v1/collections/b62021d5-5088-46c6-a312-1d52fe0bdcdc/get HTTP/1.1" 200
[32mINFO[0m:     [08-10-2024 09:48:44] ::1:60547 - "POST /api/v1/collections/b62021d5-5088-46c6-a312-1d52fe0bdcdc/get HTTP/1.1" 200
[32mINFO[0m:     [08-10-2024 09:48:44] ::1:60547 - "POST /api/v1/collections/b62021d5-5088-46c6-a312-1d52fe0bdcdc/get HTTP/1.1" 200
[32mINFO[0m:     [08-10-2024 09:48:44] ::1:60547 - "POST /api/v1/collections/b62021d5-5088-46c6-a312-1d52fe0bdcdc/get HTTP/1.1" 200
[32mINFO[0m:     [08-10-2024 09:48:44] ::1:60547 - "POST /api/v1/collections/b62021d5-5088-46c6-a312-1d52fe0bdcdc/get HTTP/1.1" 200
[32mINFO[0m:     [08-10-2024 09:48:44] ::1:60547 - "POST /api/v1/collections/b62021d5-5088-46c6-a312-1d52fe0bdcdc/get HTTP/1.1" 200
[32mINFO[0m:     [08-10-2024 09:48:44] ::1:60547 - "POST /api/v1/collections/b62021d5-5088-46c6-a312-1d52fe0bdcdc/get HTTP/1.1" 200
[32mINFO[0m:     [08-10-2024 09:48:44] ::1:60547 - "POST /api/v1/collections/b62021d5-5088-46c6-a312-1d52fe0bdcdc/get HTTP/1.1" 200
[32mINFO[0m:     [08-10-2024 09:48:44] ::1:60547 - "POST /api/v1/collections/b62021d5-5088-46c6-a312-1d52fe0bdcdc/get HTTP/1.1" 200
[32mINFO[0m:     [08-10-2024 09:48:44] ::1:60547 - "POST /api/v1/collections/b62021d5-5088-46c6-a312-1d52fe0bdcdc/get HTTP/1.1" 200
[32mINFO[0m:     [08-10-2024 09:48:45] ::1:60547 - "POST /api/v1/collections/b62021d5-5088-46c6-a312-1d52fe0bdcdc/get HTTP/1.1" 200
[32mINFO[0m:     [08-10-2024 09:48:45] ::1:60547 - "POST /api/v1/collections/b62021d5-5088-46c6-a312-1d52fe0bdcdc/get HTTP/1.1" 200
[32mINFO[0m:     [08-10-2024 09:48:45] ::1:60547 - "POST /api/v1/collections/b62021d5-5088-46c6-a312-1d52fe0bdcdc/get HTTP/1.1" 200
[32mINFO[0m:     [08-10-2024 09:48:45] ::1:60547 - "POST /api/v1/collections/b62021d5-5088-46c6-a312-1d52fe0bdcdc/get HTTP/1.1" 200
[32mINFO[0m:     [08-10-2024 09:48:45] ::1:60547 - "POST /api/v1/collections/b62021d5-5088-46c6-a312-1d52fe0bdcdc/get HTTP/1.1" 200
[32mINFO[0m:     [08-10-2024 09:48:45] ::1:60547 - "POST /api/v1/collections/b62021d5-5088-46c6-a312-1d52fe0bdcdc/get HTTP/1.1" 200
[32mINFO[0m:     [08-10-2024 09:48:45] ::1:60547 - "POST /api/v1/collections/b62021d5-5088-46c6-a312-1d52fe0bdcdc/get HTTP/1.1" 200
[32mINFO[0m:     [08-10-2024 09:48:45] ::1:60547 - "POST /api/v1/collections/b62021d5-5088-46c6-a312-1d52fe0bdcdc/get HTTP/1.1" 200
[32mINFO[0m:     [08-10-2024 09:48:45] ::1:60547 - "POST /api/v1/collections/b62021d5-5088-46c6-a312-1d52fe0bdcdc/get HTTP/1.1" 200
[32mINFO[0m:     [08-10-2024 09:48:45] ::1:60547 - "POST /api/v1/collections/b62021d5-5088-46c6-a312-1d52fe0bdcdc/get HTTP/1.1" 200
[32mINFO[0m:     [08-10-2024 09:48:45] ::1:60547 - "POST /api/v1/collections/b62021d5-5088-46c6-a312-1d52fe0bdcdc/get HTTP/1.1" 200
[32mINFO[0m:     [08-10-2024 09:48:45] ::1:60547 - "POST /api/v1/collections/b62021d5-5088-46c6-a312-1d52fe0bdcdc/get HTTP/1.1" 200
[32mINFO[0m:     [08-10-2024 09:48:49] ::1:60547 - "POST /api/v1/collections/b62021d5-5088-46c6-a312-1d52fe0bdcdc/get HTTP/1.1" 200
[32mINFO[0m:     [08-10-2024 09:48:49] ::1:60547 - "POST /api/v1/collections/b62021d5-5088-46c6-a312-1d52fe0bdcdc/get HTTP/1.1" 200
[32mINFO[0m:     [08-10-2024 09:48:50] ::1:60547 - "POST /api/v1/collections/b62021d5-5088-46c6-a312-1d52fe0bdcdc/get HTTP/1.1" 200
[32mINFO[0m:     [08-10-2024 09:48:50] ::1:60547 - "POST /api/v1/collections/b62021d5-5088-46c6-a312-1d52fe0bdcdc/get HTTP/1.1" 200
[32mINFO[0m:     [08-10-2024 09:48:50] ::1:60547 - "POST /api/v1/collections/b62021d5-5088-46c6-a312-1d52fe0bdcdc/get HTTP/1.1" 200
[32mINFO[0m:     [08-10-2024 09:48:50] ::1:60547 - "POST /api/v1/collections/b62021d5-5088-46c6-a312-1d52fe0bdcdc/get HTTP/1.1" 200
[32mINFO[0m:     [08-10-2024 09:48:50] ::1:60547 - "POST /api/v1/collections/b62021d5-5088-46c6-a312-1d52fe0bdcdc/get HTTP/1.1" 200
[32mINFO[0m:     [08-10-2024 09:48:50] ::1:60547 - "POST /api/v1/collections/b62021d5-5088-46c6-a312-1d52fe0bdcdc/get HTTP/1.1" 200
[32mINFO[0m:     [08-10-2024 09:48:50] ::1:60547 - "POST /api/v1/collections/b62021d5-5088-46c6-a312-1d52fe0bdcdc/get HTTP/1.1" 200
[32mINFO[0m:     [08-10-2024 09:48:50] ::1:60547 - "POST /api/v1/collections/b62021d5-5088-46c6-a312-1d52fe0bdcdc/get HTTP/1.1" 200
[32mINFO[0m:     [08-10-2024 09:48:50] ::1:60547 - "POST /api/v1/collections/b62021d5-5088-46c6-a312-1d52fe0bdcdc/get HTTP/1.1" 200
[32mINFO[0m:     [08-10-2024 09:48:50] ::1:60547 - "POST /api/v1/collections/b62021d5-5088-46c6-a312-1d52fe0bdcdc/get HTTP/1.1" 200
[32mINFO[0m:     [08-10-2024 09:48:50] ::1:60547 - "POST /api/v1/collections/b62021d5-5088-46c6-a312-1d52fe0bdcdc/get HTTP/1.1" 200
[32mINFO[0m:     [08-10-2024 09:48:50] ::1:60547 - "POST /api/v1/collections/b62021d5-5088-46c6-a312-1d52fe0bdcdc/get HTTP/1.1" 200
[32mINFO[0m:     [08-10-2024 09:48:50] ::1:60547 - "POST /api/v1/collections/b62021d5-5088-46c6-a312-1d52fe0bdcdc/get HTTP/1.1" 200
[32mINFO[0m:     [08-10-2024 09:48:51] ::1:60547 - "POST /api/v1/collections/b62021d5-5088-46c6-a312-1d52fe0bdcdc/get HTTP/1.1" 200
[32mINFO[0m:     [08-10-2024 09:48:51] ::1:60547 - "POST /api/v1/collections/b62021d5-5088-46c6-a312-1d52fe0bdcdc/get HTTP/1.1" 200
[32mINFO[0m:     [08-10-2024 09:48:51] ::1:60547 - "POST /api/v1/collections/b62021d5-5088-46c6-a312-1d52fe0bdcdc/get HTTP/1.1" 200
[32mINFO[0m:     [08-10-2024 09:48:51] ::1:60547 - "POST /api/v1/collections/b62021d5-5088-46c6-a312-1d52fe0bdcdc/get HTTP/1.1" 200
[32mINFO[0m:     [08-10-2024 09:48:51] ::1:60547 - "POST /api/v1/collections/b62021d5-5088-46c6-a312-1d52fe0bdcdc/get HTTP/1.1" 200
[32mINFO[0m:     [08-10-2024 09:48:51] ::1:60547 - "POST /api/v1/collections/b62021d5-5088-46c6-a312-1d52fe0bdcdc/get HTTP/1.1" 200
[32mINFO[0m:     [08-10-2024 09:48:51] ::1:60547 - "POST /api/v1/collections/b62021d5-5088-46c6-a312-1d52fe0bdcdc/get HTTP/1.1" 200
[32mINFO[0m:     [08-10-2024 09:48:51] ::1:60547 - "POST /api/v1/collections/b62021d5-5088-46c6-a312-1d52fe0bdcdc/get HTTP/1.1" 200
[32mINFO[0m:     [08-10-2024 09:48:51] ::1:60547 - "POST /api/v1/collections/b62021d5-5088-46c6-a312-1d52fe0bdcdc/get HTTP/1.1" 200
[32mINFO[0m:     [08-10-2024 09:48:51] ::1:60547 - "POST /api/v1/collections/b62021d5-5088-46c6-a312-1d52fe0bdcdc/get HTTP/1.1" 200
[32mINFO[0m:     [08-10-2024 09:48:51] ::1:60547 - "POST /api/v1/collections/b62021d5-5088-46c6-a312-1d52fe0bdcdc/get HTTP/1.1" 200
[32mINFO[0m:     [08-10-2024 09:48:52] ::1:60547 - "POST /api/v1/collections/b62021d5-5088-46c6-a312-1d52fe0bdcdc/get HTTP/1.1" 200
[32mINFO[0m:     [08-10-2024 09:48:52] ::1:60547 - "POST /api/v1/collections/b62021d5-5088-46c6-a312-1d52fe0bdcdc/get HTTP/1.1" 200
[32mINFO[0m:     [08-10-2024 09:48:52] ::1:60547 - "POST /api/v1/collections/b62021d5-5088-46c6-a312-1d52fe0bdcdc/get HTTP/1.1" 200
[32mINFO[0m:     [08-10-2024 09:48:52] ::1:60547 - "POST /api/v1/collections/b62021d5-5088-46c6-a312-1d52fe0bdcdc/get HTTP/1.1" 200
[32mINFO[0m:     [08-10-2024 09:48:52] ::1:60547 - "POST /api/v1/collections/b62021d5-5088-46c6-a312-1d52fe0bdcdc/get HTTP/1.1" 200
[32mINFO[0m:     [08-10-2024 09:48:52] ::1:60547 - "POST /api/v1/collections/b62021d5-5088-46c6-a312-1d52fe0bdcdc/get HTTP/1.1" 200
[32mINFO[0m:     [08-10-2024 09:48:52] ::1:60547 - "POST /api/v1/collections/b62021d5-5088-46c6-a312-1d52fe0bdcdc/get HTTP/1.1" 200
[32mINFO[0m:     [08-10-2024 09:48:52] ::1:60547 - "POST /api/v1/collections/b62021d5-5088-46c6-a312-1d52fe0bdcdc/get HTTP/1.1" 200
[32mINFO[0m:     [08-10-2024 09:48:52] ::1:60547 - "POST /api/v1/collections/b62021d5-5088-46c6-a312-1d52fe0bdcdc/get HTTP/1.1" 200
[32mINFO[0m:     [08-10-2024 09:48:52] ::1:60547 - "POST /api/v1/collections/b62021d5-5088-46c6-a312-1d52fe0bdcdc/get HTTP/1.1" 200
[32mINFO[0m:     [08-10-2024 09:48:53] ::1:60547 - "POST /api/v1/collections/b62021d5-5088-46c6-a312-1d52fe0bdcdc/get HTTP/1.1" 200
[32mINFO[0m:     [08-10-2024 09:48:53] ::1:60547 - "POST /api/v1/collections/b62021d5-5088-46c6-a312-1d52fe0bdcdc/get HTTP/1.1" 200
[32mINFO[0m:     [08-10-2024 09:48:53] ::1:60547 - "POST /api/v1/collections/b62021d5-5088-46c6-a312-1d52fe0bdcdc/get HTTP/1.1" 200
[32mINFO[0m:     [08-10-2024 09:48:53] ::1:60547 - "POST /api/v1/collections/b62021d5-5088-46c6-a312-1d52fe0bdcdc/get HTTP/1.1" 200
[32mINFO[0m:     [08-10-2024 09:48:53] ::1:60547 - "POST /api/v1/collections/b62021d5-5088-46c6-a312-1d52fe0bdcdc/get HTTP/1.1" 200
[32mINFO[0m:     [08-10-2024 09:48:53] ::1:60547 - "POST /api/v1/collections/b62021d5-5088-46c6-a312-1d52fe0bdcdc/get HTTP/1.1" 200
[32mINFO[0m:     [08-10-2024 09:48:53] ::1:60547 - "POST /api/v1/collections/b62021d5-5088-46c6-a312-1d52fe0bdcdc/get HTTP/1.1" 200
[32mINFO[0m:     [08-10-2024 09:48:53] ::1:60547 - "POST /api/v1/collections/b62021d5-5088-46c6-a312-1d52fe0bdcdc/get HTTP/1.1" 200
[32mINFO[0m:     [08-10-2024 09:48:53] ::1:60547 - "POST /api/v1/collections/b62021d5-5088-46c6-a312-1d52fe0bdcdc/get HTTP/1.1" 200
[32mINFO[0m:     [08-10-2024 09:48:53] ::1:60547 - "POST /api/v1/collections/b62021d5-5088-46c6-a312-1d52fe0bdcdc/get HTTP/1.1" 200
[32mINFO[0m:     [08-10-2024 09:48:53] ::1:60547 - "POST /api/v1/collections/b62021d5-5088-46c6-a312-1d52fe0bdcdc/get HTTP/1.1" 200
[32mINFO[0m:     [08-10-2024 09:48:54] ::1:60547 - "POST /api/v1/collections/b62021d5-5088-46c6-a312-1d52fe0bdcdc/get HTTP/1.1" 200
[32mINFO[0m:     [08-10-2024 09:48:56] ::1:60547 - "POST /api/v1/collections/b62021d5-5088-46c6-a312-1d52fe0bdcdc/get HTTP/1.1" 200
[32mINFO[0m:     [08-10-2024 09:48:56] ::1:60547 - "POST /api/v1/collections/b62021d5-5088-46c6-a312-1d52fe0bdcdc/get HTTP/1.1" 200
[32mINFO[0m:     [08-10-2024 09:48:56] ::1:60547 - "POST /api/v1/collections/b62021d5-5088-46c6-a312-1d52fe0bdcdc/get HTTP/1.1" 200
[32mINFO[0m:     [08-10-2024 09:48:56] ::1:60547 - "POST /api/v1/collections/b62021d5-5088-46c6-a312-1d52fe0bdcdc/get HTTP/1.1" 200
[32mINFO[0m:     [08-10-2024 09:48:56] ::1:60547 - "POST /api/v1/collections/b62021d5-5088-46c6-a312-1d52fe0bdcdc/get HTTP/1.1" 200
[32mINFO[0m:     [08-10-2024 09:48:56] ::1:60547 - "POST /api/v1/collections/b62021d5-5088-46c6-a312-1d52fe0bdcdc/get HTTP/1.1" 200
[32mINFO[0m:     [08-10-2024 09:48:57] ::1:60547 - "POST /api/v1/collections/b62021d5-5088-46c6-a312-1d52fe0bdcdc/get HTTP/1.1" 200
[32mINFO[0m:     [08-10-2024 09:48:57] ::1:60547 - "POST /api/v1/collections/b62021d5-5088-46c6-a312-1d52fe0bdcdc/get HTTP/1.1" 200
[32mINFO[0m:     [08-10-2024 09:48:57] ::1:60547 - "POST /api/v1/collections/b62021d5-5088-46c6-a312-1d52fe0bdcdc/get HTTP/1.1" 200
[32mINFO[0m:     [08-10-2024 09:48:57] ::1:60547 - "POST /api/v1/collections/b62021d5-5088-46c6-a312-1d52fe0bdcdc/get HTTP/1.1" 200
[32mINFO[0m:     [08-10-2024 09:48:57] ::1:60547 - "POST /api/v1/collections/b62021d5-5088-46c6-a312-1d52fe0bdcdc/get HTTP/1.1" 200
[32mINFO[0m:     [08-10-2024 09:48:57] ::1:60547 - "POST /api/v1/collections/b62021d5-5088-46c6-a312-1d52fe0bdcdc/get HTTP/1.1" 200
[32mINFO[0m:     [08-10-2024 09:48:57] ::1:60547 - "POST /api/v1/collections/b62021d5-5088-46c6-a312-1d52fe0bdcdc/get HTTP/1.1" 200
[32mINFO[0m:     [08-10-2024 09:48:57] ::1:60547 - "POST /api/v1/collections/b62021d5-5088-46c6-a312-1d52fe0bdcdc/get HTTP/1.1" 200
[32mINFO[0m:     [08-10-2024 09:48:57] ::1:60547 - "POST /api/v1/collections/b62021d5-5088-46c6-a312-1d52fe0bdcdc/get HTTP/1.1" 200
[32mINFO[0m:     [08-10-2024 09:48:57] ::1:60547 - "POST /api/v1/collections/b62021d5-5088-46c6-a312-1d52fe0bdcdc/get HTTP/1.1" 200
[32mINFO[0m:     [08-10-2024 09:48:57] ::1:60547 - "POST /api/v1/collections/b62021d5-5088-46c6-a312-1d52fe0bdcdc/get HTTP/1.1" 200
[32mINFO[0m:     [08-10-2024 09:48:57] ::1:60547 - "POST /api/v1/collections/b62021d5-5088-46c6-a312-1d52fe0bdcdc/get HTTP/1.1" 200
[32mINFO[0m:     [08-10-2024 09:48:58] ::1:60547 - "POST /api/v1/collections/b62021d5-5088-46c6-a312-1d52fe0bdcdc/get HTTP/1.1" 200
[32mINFO[0m:     [08-10-2024 09:48:58] ::1:60547 - "POST /api/v1/collections/b62021d5-5088-46c6-a312-1d52fe0bdcdc/get HTTP/1.1" 200
[32mINFO[0m:     [08-10-2024 09:48:58] ::1:60547 - "POST /api/v1/collections/b62021d5-5088-46c6-a312-1d52fe0bdcdc/get HTTP/1.1" 200
[32mINFO[0m:     [08-10-2024 09:48:58] ::1:60547 - "POST /api/v1/collections/b62021d5-5088-46c6-a312-1d52fe0bdcdc/get HTTP/1.1" 200
[32mINFO[0m:     [08-10-2024 09:48:58] ::1:60547 - "POST /api/v1/collections/b62021d5-5088-46c6-a312-1d52fe0bdcdc/get HTTP/1.1" 200
[32mINFO[0m:     [08-10-2024 09:48:58] ::1:60547 - "POST /api/v1/collections/b62021d5-5088-46c6-a312-1d52fe0bdcdc/get HTTP/1.1" 200
[32mINFO[0m:     [08-10-2024 09:48:58] ::1:60547 - "POST /api/v1/collections/b62021d5-5088-46c6-a312-1d52fe0bdcdc/get HTTP/1.1" 200
[32mINFO[0m:     [08-10-2024 09:48:58] ::1:60547 - "POST /api/v1/collections/b62021d5-5088-46c6-a312-1d52fe0bdcdc/get HTTP/1.1" 200
[32mINFO[0m:     [08-10-2024 09:48:58] ::1:60547 - "POST /api/v1/collections/b62021d5-5088-46c6-a312-1d52fe0bdcdc/get HTTP/1.1" 200
[32mINFO[0m:     [08-10-2024 09:48:58] ::1:60547 - "POST /api/v1/collections/b62021d5-5088-46c6-a312-1d52fe0bdcdc/get HTTP/1.1" 200
[32mINFO[0m:     [08-10-2024 09:48:58] ::1:60547 - "POST /api/v1/collections/b62021d5-5088-46c6-a312-1d52fe0bdcdc/get HTTP/1.1" 200
[32mINFO[0m:     [08-10-2024 09:48:58] ::1:60547 - "POST /api/v1/collections/b62021d5-5088-46c6-a312-1d52fe0bdcdc/get HTTP/1.1" 200
[32mINFO[0m:     [08-10-2024 09:48:59] ::1:60547 - "POST /api/v1/collections/b62021d5-5088-46c6-a312-1d52fe0bdcdc/get HTTP/1.1" 200
[32mINFO[0m:     [08-10-2024 09:48:59] ::1:60547 - "POST /api/v1/collections/b62021d5-5088-46c6-a312-1d52fe0bdcdc/get HTTP/1.1" 200
[32mINFO[0m:     [08-10-2024 09:48:59] ::1:60547 - "POST /api/v1/collections/b62021d5-5088-46c6-a312-1d52fe0bdcdc/get HTTP/1.1" 200
[32mINFO[0m:     [08-10-2024 09:48:59] ::1:60547 - "POST /api/v1/collections/b62021d5-5088-46c6-a312-1d52fe0bdcdc/get HTTP/1.1" 200
[32mINFO[0m:     [08-10-2024 09:48:59] ::1:60547 - "POST /api/v1/collections/b62021d5-5088-46c6-a312-1d52fe0bdcdc/get HTTP/1.1" 200
[32mINFO[0m:     [08-10-2024 09:48:59] ::1:60547 - "POST /api/v1/collections/b62021d5-5088-46c6-a312-1d52fe0bdcdc/get HTTP/1.1" 200
[32mINFO[0m:     [08-10-2024 09:48:59] ::1:60547 - "POST /api/v1/collections/b62021d5-5088-46c6-a312-1d52fe0bdcdc/get HTTP/1.1" 200
[32mINFO[0m:     [08-10-2024 09:48:59] ::1:60547 - "POST /api/v1/collections/b62021d5-5088-46c6-a312-1d52fe0bdcdc/get HTTP/1.1" 200
[32mINFO[0m:     [08-10-2024 09:48:59] ::1:60547 - "POST /api/v1/collections/b62021d5-5088-46c6-a312-1d52fe0bdcdc/get HTTP/1.1" 200
[32mINFO[0m:     [08-10-2024 09:48:59] ::1:60547 - "POST /api/v1/collections/b62021d5-5088-46c6-a312-1d52fe0bdcdc/get HTTP/1.1" 200
[32mINFO[0m:     [08-10-2024 09:48:59] ::1:60547 - "POST /api/v1/collections/b62021d5-5088-46c6-a312-1d52fe0bdcdc/get HTTP/1.1" 200
[32mINFO[0m:     [08-10-2024 09:48:59] ::1:60547 - "POST /api/v1/collections/b62021d5-5088-46c6-a312-1d52fe0bdcdc/get HTTP/1.1" 200
[32mINFO[0m:     [08-10-2024 09:49:00] ::1:60547 - "POST /api/v1/collections/b62021d5-5088-46c6-a312-1d52fe0bdcdc/get HTTP/1.1" 200
[32mINFO[0m:     [08-10-2024 09:49:00] ::1:60547 - "POST /api/v1/collections/b62021d5-5088-46c6-a312-1d52fe0bdcdc/get HTTP/1.1" 200
[32mINFO[0m:     [08-10-2024 09:49:00] ::1:60547 - "POST /api/v1/collections/b62021d5-5088-46c6-a312-1d52fe0bdcdc/get HTTP/1.1" 200
[32mINFO[0m:     [08-10-2024 09:49:00] ::1:60547 - "POST /api/v1/collections/b62021d5-5088-46c6-a312-1d52fe0bdcdc/get HTTP/1.1" 200
[32mINFO[0m:     [08-10-2024 09:49:00] ::1:60547 - "POST /api/v1/collections/b62021d5-5088-46c6-a312-1d52fe0bdcdc/get HTTP/1.1" 200
[32mINFO[0m:     [08-10-2024 09:49:00] ::1:60547 - "POST /api/v1/collections/b62021d5-5088-46c6-a312-1d52fe0bdcdc/get HTTP/1.1" 200
[32mINFO[0m:     [08-10-2024 09:49:04] ::1:60547 - "POST /api/v1/collections/b62021d5-5088-46c6-a312-1d52fe0bdcdc/get HTTP/1.1" 200
[32mINFO[0m:     [08-10-2024 09:49:04] ::1:60547 - "POST /api/v1/collections/b62021d5-5088-46c6-a312-1d52fe0bdcdc/get HTTP/1.1" 200
[32mINFO[0m:     [08-10-2024 09:49:05] ::1:60547 - "POST /api/v1/collections/b62021d5-5088-46c6-a312-1d52fe0bdcdc/get HTTP/1.1" 200
[32mINFO[0m:     [08-10-2024 09:49:05] ::1:60547 - "POST /api/v1/collections/b62021d5-5088-46c6-a312-1d52fe0bdcdc/get HTTP/1.1" 200
[32mINFO[0m:     [08-10-2024 09:49:05] ::1:60547 - "POST /api/v1/collections/b62021d5-5088-46c6-a312-1d52fe0bdcdc/get HTTP/1.1" 200
[32mINFO[0m:     [08-10-2024 09:49:05] ::1:60547 - "POST /api/v1/collections/b62021d5-5088-46c6-a312-1d52fe0bdcdc/get HTTP/1.1" 200
[32mINFO[0m:     [08-10-2024 09:49:05] ::1:60547 - "POST /api/v1/collections/b62021d5-5088-46c6-a312-1d52fe0bdcdc/get HTTP/1.1" 200
[32mINFO[0m:     [08-10-2024 09:49:05] ::1:60547 - "POST /api/v1/collections/b62021d5-5088-46c6-a312-1d52fe0bdcdc/get HTTP/1.1" 200
[32mINFO[0m:     [08-10-2024 09:49:05] ::1:60547 - "POST /api/v1/collections/b62021d5-5088-46c6-a312-1d52fe0bdcdc/get HTTP/1.1" 200
[32mINFO[0m:     [08-10-2024 09:49:05] ::1:60547 - "POST /api/v1/collections/b62021d5-5088-46c6-a312-1d52fe0bdcdc/get HTTP/1.1" 200
[32mINFO[0m:     [08-10-2024 09:49:05] ::1:60547 - "POST /api/v1/collections/b62021d5-5088-46c6-a312-1d52fe0bdcdc/get HTTP/1.1" 200
[32mINFO[0m:     [08-10-2024 09:49:05] ::1:60547 - "POST /api/v1/collections/b62021d5-5088-46c6-a312-1d52fe0bdcdc/get HTTP/1.1" 200
[32mINFO[0m:     [08-10-2024 09:49:05] ::1:60547 - "POST /api/v1/collections/b62021d5-5088-46c6-a312-1d52fe0bdcdc/get HTTP/1.1" 200
[32mINFO[0m:     [08-10-2024 09:49:06] ::1:60547 - "POST /api/v1/collections/b62021d5-5088-46c6-a312-1d52fe0bdcdc/get HTTP/1.1" 200
[32mINFO[0m:     [08-10-2024 09:49:06] ::1:60547 - "POST /api/v1/collections/b62021d5-5088-46c6-a312-1d52fe0bdcdc/get HTTP/1.1" 200
[32mINFO[0m:     [08-10-2024 09:49:06] ::1:60547 - "POST /api/v1/collections/b62021d5-5088-46c6-a312-1d52fe0bdcdc/get HTTP/1.1" 200
[32mINFO[0m:     [08-10-2024 09:49:06] ::1:60547 - "POST /api/v1/collections/b62021d5-5088-46c6-a312-1d52fe0bdcdc/get HTTP/1.1" 200
[32mINFO[0m:     [08-10-2024 09:49:06] ::1:60547 - "POST /api/v1/collections/b62021d5-5088-46c6-a312-1d52fe0bdcdc/get HTTP/1.1" 200
[32mINFO[0m:     [08-10-2024 09:49:06] ::1:60547 - "POST /api/v1/collections/b62021d5-5088-46c6-a312-1d52fe0bdcdc/get HTTP/1.1" 200
[32mINFO[0m:     [08-10-2024 09:49:06] ::1:60547 - "POST /api/v1/collections/b62021d5-5088-46c6-a312-1d52fe0bdcdc/get HTTP/1.1" 200
[32mINFO[0m:     [08-10-2024 09:49:06] ::1:60547 - "POST /api/v1/collections/b62021d5-5088-46c6-a312-1d52fe0bdcdc/get HTTP/1.1" 200
[32mINFO[0m:     [08-10-2024 09:49:06] ::1:60547 - "POST /api/v1/collections/b62021d5-5088-46c6-a312-1d52fe0bdcdc/get HTTP/1.1" 200
[32mINFO[0m:     [08-10-2024 09:49:06] ::1:60547 - "POST /api/v1/collections/b62021d5-5088-46c6-a312-1d52fe0bdcdc/get HTTP/1.1" 200
[32mINFO[0m:     [08-10-2024 09:49:06] ::1:60547 - "POST /api/v1/collections/b62021d5-5088-46c6-a312-1d52fe0bdcdc/get HTTP/1.1" 200
[32mINFO[0m:     [08-10-2024 09:49:06] ::1:60547 - "POST /api/v1/collections/b62021d5-5088-46c6-a312-1d52fe0bdcdc/get HTTP/1.1" 200
[32mINFO[0m:     [08-10-2024 09:49:07] ::1:60547 - "POST /api/v1/collections/b62021d5-5088-46c6-a312-1d52fe0bdcdc/get HTTP/1.1" 200
[32mINFO[0m:     [08-10-2024 09:49:07] ::1:60547 - "POST /api/v1/collections/b62021d5-5088-46c6-a312-1d52fe0bdcdc/get HTTP/1.1" 200
[32mINFO[0m:     [08-10-2024 09:49:07] ::1:60547 - "POST /api/v1/collections/b62021d5-5088-46c6-a312-1d52fe0bdcdc/get HTTP/1.1" 200
[32mINFO[0m:     [08-10-2024 09:49:07] ::1:60547 - "POST /api/v1/collections/b62021d5-5088-46c6-a312-1d52fe0bdcdc/get HTTP/1.1" 200
[32mINFO[0m:     [08-10-2024 09:49:07] ::1:60547 - "POST /api/v1/collections/b62021d5-5088-46c6-a312-1d52fe0bdcdc/get HTTP/1.1" 200
[32mINFO[0m:     [08-10-2024 09:49:07] ::1:60547 - "POST /api/v1/collections/b62021d5-5088-46c6-a312-1d52fe0bdcdc/get HTTP/1.1" 200
[32mINFO[0m:     [08-10-2024 09:49:07] ::1:60547 - "POST /api/v1/collections/b62021d5-5088-46c6-a312-1d52fe0bdcdc/get HTTP/1.1" 200
[32mINFO[0m:     [08-10-2024 09:49:07] ::1:60547 - "POST /api/v1/collections/b62021d5-5088-46c6-a312-1d52fe0bdcdc/get HTTP/1.1" 200
[32mINFO[0m:     [08-10-2024 09:49:07] ::1:60547 - "POST /api/v1/collections/b62021d5-5088-46c6-a312-1d52fe0bdcdc/get HTTP/1.1" 200
[32mINFO[0m:     [08-10-2024 09:49:07] ::1:60547 - "POST /api/v1/collections/b62021d5-5088-46c6-a312-1d52fe0bdcdc/get HTTP/1.1" 200
[32mINFO[0m:     [08-10-2024 09:49:07] ::1:60547 - "POST /api/v1/collections/b62021d5-5088-46c6-a312-1d52fe0bdcdc/get HTTP/1.1" 200
[32mINFO[0m:     [08-10-2024 09:49:07] ::1:60547 - "POST /api/v1/collections/b62021d5-5088-46c6-a312-1d52fe0bdcdc/get HTTP/1.1" 200
[32mINFO[0m:     [08-10-2024 09:49:08] ::1:60547 - "POST /api/v1/collections/b62021d5-5088-46c6-a312-1d52fe0bdcdc/get HTTP/1.1" 200
[32mINFO[0m:     [08-10-2024 09:49:08] ::1:60547 - "POST /api/v1/collections/b62021d5-5088-46c6-a312-1d52fe0bdcdc/get HTTP/1.1" 200
[32mINFO[0m:     [08-10-2024 09:49:08] ::1:60547 - "POST /api/v1/collections/b62021d5-5088-46c6-a312-1d52fe0bdcdc/get HTTP/1.1" 200
[32mINFO[0m:     [08-10-2024 09:49:08] ::1:60547 - "POST /api/v1/collections/b62021d5-5088-46c6-a312-1d52fe0bdcdc/get HTTP/1.1" 200
[32mINFO[0m:     [08-10-2024 09:49:08] ::1:60547 - "POST /api/v1/collections/b62021d5-5088-46c6-a312-1d52fe0bdcdc/get HTTP/1.1" 200
[32mINFO[0m:     [08-10-2024 09:49:08] ::1:60547 - "POST /api/v1/collections/b62021d5-5088-46c6-a312-1d52fe0bdcdc/get HTTP/1.1" 200
[32mINFO[0m:     [08-10-2024 09:49:08] ::1:60547 - "POST /api/v1/collections/b62021d5-5088-46c6-a312-1d52fe0bdcdc/get HTTP/1.1" 200
[32mINFO[0m:     [08-10-2024 09:49:08] ::1:60547 - "POST /api/v1/collections/b62021d5-5088-46c6-a312-1d52fe0bdcdc/get HTTP/1.1" 200
[32mINFO[0m:     [08-10-2024 09:49:08] ::1:60547 - "POST /api/v1/collections/b62021d5-5088-46c6-a312-1d52fe0bdcdc/get HTTP/1.1" 200
[32mINFO[0m:     [08-10-2024 09:49:08] ::1:60547 - "POST /api/v1/collections/b62021d5-5088-46c6-a312-1d52fe0bdcdc/get HTTP/1.1" 200
[32mINFO[0m:     [08-10-2024 09:49:08] ::1:60547 - "POST /api/v1/collections/b62021d5-5088-46c6-a312-1d52fe0bdcdc/get HTTP/1.1" 200
[32mINFO[0m:     [08-10-2024 09:49:11] ::1:60547 - "POST /api/v1/collections/b62021d5-5088-46c6-a312-1d52fe0bdcdc/get HTTP/1.1" 200
[32mINFO[0m:     [08-10-2024 09:49:11] ::1:60547 - "POST /api/v1/collections/b62021d5-5088-46c6-a312-1d52fe0bdcdc/get HTTP/1.1" 200
[32mINFO[0m:     [08-10-2024 09:49:11] ::1:60547 - "POST /api/v1/collections/b62021d5-5088-46c6-a312-1d52fe0bdcdc/get HTTP/1.1" 200
[32mINFO[0m:     [08-10-2024 09:49:12] ::1:60547 - "POST /api/v1/collections/b62021d5-5088-46c6-a312-1d52fe0bdcdc/get HTTP/1.1" 200
[32mINFO[0m:     [08-10-2024 09:49:12] ::1:60547 - "POST /api/v1/collections/b62021d5-5088-46c6-a312-1d52fe0bdcdc/get HTTP/1.1" 200
[32mINFO[0m:     [08-10-2024 09:49:12] ::1:60547 - "POST /api/v1/collections/b62021d5-5088-46c6-a312-1d52fe0bdcdc/get HTTP/1.1" 200
[32mINFO[0m:     [08-10-2024 09:49:12] ::1:60547 - "POST /api/v1/collections/b62021d5-5088-46c6-a312-1d52fe0bdcdc/get HTTP/1.1" 200
[32mINFO[0m:     [08-10-2024 09:49:12] ::1:60547 - "POST /api/v1/collections/b62021d5-5088-46c6-a312-1d52fe0bdcdc/get HTTP/1.1" 200
[32mINFO[0m:     [08-10-2024 09:49:12] ::1:60547 - "POST /api/v1/collections/b62021d5-5088-46c6-a312-1d52fe0bdcdc/get HTTP/1.1" 200
[32mINFO[0m:     [08-10-2024 09:49:12] ::1:60547 - "POST /api/v1/collections/b62021d5-5088-46c6-a312-1d52fe0bdcdc/get HTTP/1.1" 200
[32mINFO[0m:     [08-10-2024 09:49:12] ::1:60547 - "POST /api/v1/collections/b62021d5-5088-46c6-a312-1d52fe0bdcdc/get HTTP/1.1" 200
[32mINFO[0m:     [08-10-2024 09:49:12] ::1:60547 - "POST /api/v1/collections/b62021d5-5088-46c6-a312-1d52fe0bdcdc/get HTTP/1.1" 200
[32mINFO[0m:     [08-10-2024 09:49:12] ::1:60547 - "POST /api/v1/collections/b62021d5-5088-46c6-a312-1d52fe0bdcdc/get HTTP/1.1" 200
[32mINFO[0m:     [08-10-2024 09:49:12] ::1:60547 - "POST /api/v1/collections/b62021d5-5088-46c6-a312-1d52fe0bdcdc/get HTTP/1.1" 200
[32mINFO[0m:     [08-10-2024 09:49:13] ::1:60547 - "POST /api/v1/collections/b62021d5-5088-46c6-a312-1d52fe0bdcdc/get HTTP/1.1" 200
[32mINFO[0m:     [08-10-2024 09:49:13] ::1:60547 - "POST /api/v1/collections/b62021d5-5088-46c6-a312-1d52fe0bdcdc/get HTTP/1.1" 200
[32mINFO[0m:     [08-10-2024 09:49:13] ::1:60547 - "POST /api/v1/collections/b62021d5-5088-46c6-a312-1d52fe0bdcdc/get HTTP/1.1" 200
[32mINFO[0m:     [08-10-2024 09:49:13] ::1:60547 - "POST /api/v1/collections/b62021d5-5088-46c6-a312-1d52fe0bdcdc/get HTTP/1.1" 200
[32mINFO[0m:     [08-10-2024 09:49:13] ::1:60547 - "POST /api/v1/collections/b62021d5-5088-46c6-a312-1d52fe0bdcdc/get HTTP/1.1" 200
[32mINFO[0m:     [08-10-2024 09:49:13] ::1:60547 - "POST /api/v1/collections/b62021d5-5088-46c6-a312-1d52fe0bdcdc/get HTTP/1.1" 200
[32mINFO[0m:     [08-10-2024 09:49:13] ::1:60547 - "POST /api/v1/collections/b62021d5-5088-46c6-a312-1d52fe0bdcdc/get HTTP/1.1" 200
[32mINFO[0m:     [08-10-2024 09:49:13] ::1:60547 - "POST /api/v1/collections/b62021d5-5088-46c6-a312-1d52fe0bdcdc/get HTTP/1.1" 200
[32mINFO[0m:     [08-10-2024 09:49:13] ::1:60547 - "POST /api/v1/collections/b62021d5-5088-46c6-a312-1d52fe0bdcdc/get HTTP/1.1" 200
[32mINFO[0m:     [08-10-2024 09:49:13] ::1:60547 - "POST /api/v1/collections/b62021d5-5088-46c6-a312-1d52fe0bdcdc/get HTTP/1.1" 200
[32mINFO[0m:     [08-10-2024 09:49:13] ::1:60547 - "POST /api/v1/collections/b62021d5-5088-46c6-a312-1d52fe0bdcdc/get HTTP/1.1" 200
[32mINFO[0m:     [08-10-2024 09:49:13] ::1:60547 - "POST /api/v1/collections/b62021d5-5088-46c6-a312-1d52fe0bdcdc/get HTTP/1.1" 200
[32mINFO[0m:     [08-10-2024 09:49:14] ::1:60547 - "POST /api/v1/collections/b62021d5-5088-46c6-a312-1d52fe0bdcdc/get HTTP/1.1" 200
[32mINFO[0m:     [08-10-2024 09:49:14] ::1:60547 - "POST /api/v1/collections/b62021d5-5088-46c6-a312-1d52fe0bdcdc/get HTTP/1.1" 200
[32mINFO[0m:     [08-10-2024 09:49:14] ::1:60547 - "POST /api/v1/collections/b62021d5-5088-46c6-a312-1d52fe0bdcdc/get HTTP/1.1" 200
[32mINFO[0m:     [08-10-2024 09:49:14] ::1:60547 - "POST /api/v1/collections/b62021d5-5088-46c6-a312-1d52fe0bdcdc/get HTTP/1.1" 200
[32mINFO[0m:     [08-10-2024 09:49:14] ::1:60547 - "POST /api/v1/collections/b62021d5-5088-46c6-a312-1d52fe0bdcdc/get HTTP/1.1" 200
[32mINFO[0m:     [08-10-2024 09:49:14] ::1:60547 - "POST /api/v1/collections/b62021d5-5088-46c6-a312-1d52fe0bdcdc/get HTTP/1.1" 200
[32mINFO[0m:     [08-10-2024 09:49:14] ::1:60547 - "POST /api/v1/collections/b62021d5-5088-46c6-a312-1d52fe0bdcdc/get HTTP/1.1" 200
[32mINFO[0m:     [08-10-2024 09:49:14] ::1:60547 - "POST /api/v1/collections/b62021d5-5088-46c6-a312-1d52fe0bdcdc/get HTTP/1.1" 200
[32mINFO[0m:     [08-10-2024 09:49:14] ::1:60547 - "POST /api/v1/collections/b62021d5-5088-46c6-a312-1d52fe0bdcdc/get HTTP/1.1" 200
[32mINFO[0m:     [08-10-2024 09:49:14] ::1:60547 - "POST /api/v1/collections/b62021d5-5088-46c6-a312-1d52fe0bdcdc/get HTTP/1.1" 200
[32mINFO[0m:     [08-10-2024 09:49:14] ::1:60547 - "POST /api/v1/collections/b62021d5-5088-46c6-a312-1d52fe0bdcdc/get HTTP/1.1" 200
[32mINFO[0m:     [08-10-2024 09:49:14] ::1:60547 - "POST /api/v1/collections/b62021d5-5088-46c6-a312-1d52fe0bdcdc/get HTTP/1.1" 200
[32mINFO[0m:     [08-10-2024 09:49:15] ::1:60547 - "POST /api/v1/collections/b62021d5-5088-46c6-a312-1d52fe0bdcdc/get HTTP/1.1" 200
[32mINFO[0m:     [08-10-2024 09:49:15] ::1:60547 - "POST /api/v1/collections/b62021d5-5088-46c6-a312-1d52fe0bdcdc/get HTTP/1.1" 200
[32mINFO[0m:     [08-10-2024 09:49:15] ::1:60547 - "POST /api/v1/collections/b62021d5-5088-46c6-a312-1d52fe0bdcdc/get HTTP/1.1" 200
[32mINFO[0m:     [08-10-2024 09:49:15] ::1:60547 - "POST /api/v1/collections/b62021d5-5088-46c6-a312-1d52fe0bdcdc/get HTTP/1.1" 200
[32mINFO[0m:     [08-10-2024 09:49:15] ::1:60547 - "POST /api/v1/collections/b62021d5-5088-46c6-a312-1d52fe0bdcdc/get HTTP/1.1" 200
[32mINFO[0m:     [08-10-2024 09:49:15] ::1:60547 - "POST /api/v1/collections/b62021d5-5088-46c6-a312-1d52fe0bdcdc/get HTTP/1.1" 200
[32mINFO[0m:     [08-10-2024 09:49:15] ::1:60547 - "POST /api/v1/collections/b62021d5-5088-46c6-a312-1d52fe0bdcdc/get HTTP/1.1" 200
[32mINFO[0m:     [08-10-2024 09:49:15] ::1:60547 - "POST /api/v1/collections/b62021d5-5088-46c6-a312-1d52fe0bdcdc/get HTTP/1.1" 200
[32mINFO[0m:     [08-10-2024 09:49:15] ::1:60547 - "POST /api/v1/collections/b62021d5-5088-46c6-a312-1d52fe0bdcdc/get HTTP/1.1" 200
[32mINFO[0m:     [08-10-2024 09:49:18] ::1:60547 - "POST /api/v1/collections/b62021d5-5088-46c6-a312-1d52fe0bdcdc/get HTTP/1.1" 200
[32mINFO[0m:     [08-10-2024 09:49:18] ::1:60547 - "POST /api/v1/collections/b62021d5-5088-46c6-a312-1d52fe0bdcdc/get HTTP/1.1" 200
[32mINFO[0m:     [08-10-2024 09:49:18] ::1:60547 - "POST /api/v1/collections/b62021d5-5088-46c6-a312-1d52fe0bdcdc/get HTTP/1.1" 200
[32mINFO[0m:     [08-10-2024 09:49:18] ::1:60547 - "POST /api/v1/collections/b62021d5-5088-46c6-a312-1d52fe0bdcdc/get HTTP/1.1" 200
[32mINFO[0m:     [08-10-2024 09:49:18] ::1:60547 - "POST /api/v1/collections/b62021d5-5088-46c6-a312-1d52fe0bdcdc/get HTTP/1.1" 200
[32mINFO[0m:     [08-10-2024 09:49:18] ::1:60547 - "POST /api/v1/collections/b62021d5-5088-46c6-a312-1d52fe0bdcdc/get HTTP/1.1" 200
[32mINFO[0m:     [08-10-2024 09:49:18] ::1:60547 - "POST /api/v1/collections/b62021d5-5088-46c6-a312-1d52fe0bdcdc/get HTTP/1.1" 200
[32mINFO[0m:     [08-10-2024 09:49:18] ::1:60547 - "POST /api/v1/collections/b62021d5-5088-46c6-a312-1d52fe0bdcdc/get HTTP/1.1" 200
[32mINFO[0m:     [08-10-2024 09:49:18] ::1:60547 - "POST /api/v1/collections/b62021d5-5088-46c6-a312-1d52fe0bdcdc/get HTTP/1.1" 200
[32mINFO[0m:     [08-10-2024 09:49:18] ::1:60547 - "POST /api/v1/collections/b62021d5-5088-46c6-a312-1d52fe0bdcdc/get HTTP/1.1" 200
[32mINFO[0m:     [08-10-2024 09:49:19] ::1:60547 - "POST /api/v1/collections/b62021d5-5088-46c6-a312-1d52fe0bdcdc/get HTTP/1.1" 200
[32mINFO[0m:     [08-10-2024 09:49:19] ::1:60547 - "POST /api/v1/collections/b62021d5-5088-46c6-a312-1d52fe0bdcdc/get HTTP/1.1" 200
[32mINFO[0m:     [08-10-2024 09:49:19] ::1:60547 - "POST /api/v1/collections/b62021d5-5088-46c6-a312-1d52fe0bdcdc/get HTTP/1.1" 200
[32mINFO[0m:     [08-10-2024 09:49:19] ::1:60547 - "POST /api/v1/collections/b62021d5-5088-46c6-a312-1d52fe0bdcdc/get HTTP/1.1" 200
[32mINFO[0m:     [08-10-2024 09:49:19] ::1:60547 - "POST /api/v1/collections/b62021d5-5088-46c6-a312-1d52fe0bdcdc/get HTTP/1.1" 200
[32mINFO[0m:     [08-10-2024 09:49:19] ::1:60547 - "POST /api/v1/collections/b62021d5-5088-46c6-a312-1d52fe0bdcdc/get HTTP/1.1" 200
[32mINFO[0m:     [08-10-2024 09:49:19] ::1:60547 - "POST /api/v1/collections/b62021d5-5088-46c6-a312-1d52fe0bdcdc/get HTTP/1.1" 200
[32mINFO[0m:     [08-10-2024 09:49:19] ::1:60547 - "POST /api/v1/collections/b62021d5-5088-46c6-a312-1d52fe0bdcdc/get HTTP/1.1" 200
[32mINFO[0m:     [08-10-2024 09:49:19] ::1:60547 - "POST /api/v1/collections/b62021d5-5088-46c6-a312-1d52fe0bdcdc/get HTTP/1.1" 200
[32mINFO[0m:     [08-10-2024 09:49:19] ::1:60547 - "POST /api/v1/collections/b62021d5-5088-46c6-a312-1d52fe0bdcdc/get HTTP/1.1" 200
[32mINFO[0m:     [08-10-2024 09:49:19] ::1:60547 - "POST /api/v1/collections/b62021d5-5088-46c6-a312-1d52fe0bdcdc/get HTTP/1.1" 200
[32mINFO[0m:     [08-10-2024 09:49:19] ::1:60547 - "POST /api/v1/collections/b62021d5-5088-46c6-a312-1d52fe0bdcdc/get HTTP/1.1" 200
[32mINFO[0m:     [08-10-2024 09:49:20] ::1:60547 - "POST /api/v1/collections/b62021d5-5088-46c6-a312-1d52fe0bdcdc/get HTTP/1.1" 200
[32mINFO[0m:     [08-10-2024 09:49:20] ::1:60547 - "POST /api/v1/collections/b62021d5-5088-46c6-a312-1d52fe0bdcdc/get HTTP/1.1" 200
[32mINFO[0m:     [08-10-2024 09:49:20] ::1:60547 - "POST /api/v1/collections/b62021d5-5088-46c6-a312-1d52fe0bdcdc/get HTTP/1.1" 200
[32mINFO[0m:     [08-10-2024 09:49:20] ::1:60547 - "POST /api/v1/collections/b62021d5-5088-46c6-a312-1d52fe0bdcdc/get HTTP/1.1" 200
[32mINFO[0m:     [08-10-2024 09:49:20] ::1:60547 - "POST /api/v1/collections/b62021d5-5088-46c6-a312-1d52fe0bdcdc/get HTTP/1.1" 200
[32mINFO[0m:     [08-10-2024 09:49:20] ::1:60547 - "POST /api/v1/collections/b62021d5-5088-46c6-a312-1d52fe0bdcdc/get HTTP/1.1" 200
[32mINFO[0m:     [08-10-2024 09:49:20] ::1:60547 - "POST /api/v1/collections/b62021d5-5088-46c6-a312-1d52fe0bdcdc/get HTTP/1.1" 200
[32mINFO[0m:     [08-10-2024 09:49:20] ::1:60547 - "POST /api/v1/collections/b62021d5-5088-46c6-a312-1d52fe0bdcdc/get HTTP/1.1" 200
[32mINFO[0m:     [08-10-2024 09:49:20] ::1:60547 - "POST /api/v1/collections/b62021d5-5088-46c6-a312-1d52fe0bdcdc/get HTTP/1.1" 200
[32mINFO[0m:     [08-10-2024 09:49:20] ::1:60547 - "POST /api/v1/collections/b62021d5-5088-46c6-a312-1d52fe0bdcdc/get HTTP/1.1" 200
[32mINFO[0m:     [08-10-2024 09:49:20] ::1:60547 - "POST /api/v1/collections/b62021d5-5088-46c6-a312-1d52fe0bdcdc/get HTTP/1.1" 200
[32mINFO[0m:     [08-10-2024 09:49:20] ::1:60547 - "POST /api/v1/collections/b62021d5-5088-46c6-a312-1d52fe0bdcdc/get HTTP/1.1" 200
[32mINFO[0m:     [08-10-2024 09:49:21] ::1:60547 - "POST /api/v1/collections/b62021d5-5088-46c6-a312-1d52fe0bdcdc/get HTTP/1.1" 200
[32mINFO[0m:     [08-10-2024 09:49:21] ::1:60547 - "POST /api/v1/collections/b62021d5-5088-46c6-a312-1d52fe0bdcdc/get HTTP/1.1" 200
[32mINFO[0m:     [08-10-2024 09:49:21] ::1:60547 - "POST /api/v1/collections/b62021d5-5088-46c6-a312-1d52fe0bdcdc/get HTTP/1.1" 200
[32mINFO[0m:     [08-10-2024 09:49:21] ::1:60547 - "POST /api/v1/collections/b62021d5-5088-46c6-a312-1d52fe0bdcdc/get HTTP/1.1" 200
[32mINFO[0m:     [08-10-2024 09:49:21] ::1:60547 - "POST /api/v1/collections/b62021d5-5088-46c6-a312-1d52fe0bdcdc/get HTTP/1.1" 200
[32mINFO[0m:     [08-10-2024 09:49:21] ::1:60547 - "POST /api/v1/collections/b62021d5-5088-46c6-a312-1d52fe0bdcdc/get HTTP/1.1" 200
[32mINFO[0m:     [08-10-2024 09:49:21] ::1:60547 - "POST /api/v1/collections/b62021d5-5088-46c6-a312-1d52fe0bdcdc/get HTTP/1.1" 200
[32mINFO[0m:     [08-10-2024 09:49:21] ::1:60547 - "POST /api/v1/collections/b62021d5-5088-46c6-a312-1d52fe0bdcdc/get HTTP/1.1" 200
[32mINFO[0m:     [08-10-2024 09:49:21] ::1:60547 - "POST /api/v1/collections/b62021d5-5088-46c6-a312-1d52fe0bdcdc/get HTTP/1.1" 200
[32mINFO[0m:     [08-10-2024 09:49:21] ::1:60547 - "POST /api/v1/collections/b62021d5-5088-46c6-a312-1d52fe0bdcdc/get HTTP/1.1" 200
[32mINFO[0m:     [08-10-2024 09:49:21] ::1:60547 - "POST /api/v1/collections/b62021d5-5088-46c6-a312-1d52fe0bdcdc/get HTTP/1.1" 200
[32mINFO[0m:     [08-10-2024 09:49:21] ::1:60547 - "POST /api/v1/collections/b62021d5-5088-46c6-a312-1d52fe0bdcdc/get HTTP/1.1" 200
[32mINFO[0m:     [08-10-2024 09:49:22] ::1:60547 - "POST /api/v1/collections/b62021d5-5088-46c6-a312-1d52fe0bdcdc/get HTTP/1.1" 200
[32mINFO[0m:     [08-10-2024 09:49:22] ::1:60547 - "POST /api/v1/collections/b62021d5-5088-46c6-a312-1d52fe0bdcdc/get HTTP/1.1" 200
[32mINFO[0m:     [08-10-2024 09:49:27] ::1:60574 - "POST /api/v1/collections/b62021d5-5088-46c6-a312-1d52fe0bdcdc/get HTTP/1.1" 200
[32mINFO[0m:     [08-10-2024 09:49:27] ::1:60574 - "POST /api/v1/collections/b62021d5-5088-46c6-a312-1d52fe0bdcdc/get HTTP/1.1" 200
[32mINFO[0m:     [08-10-2024 09:49:28] ::1:60574 - "POST /api/v1/collections/b62021d5-5088-46c6-a312-1d52fe0bdcdc/get HTTP/1.1" 200
[32mINFO[0m:     [08-10-2024 09:49:28] ::1:60574 - "POST /api/v1/collections/b62021d5-5088-46c6-a312-1d52fe0bdcdc/get HTTP/1.1" 200
[32mINFO[0m:     [08-10-2024 09:49:28] ::1:60574 - "POST /api/v1/collections/b62021d5-5088-46c6-a312-1d52fe0bdcdc/get HTTP/1.1" 200
[32mINFO[0m:     [08-10-2024 09:49:28] ::1:60574 - "POST /api/v1/collections/b62021d5-5088-46c6-a312-1d52fe0bdcdc/get HTTP/1.1" 200
[32mINFO[0m:     [08-10-2024 09:49:28] ::1:60574 - "POST /api/v1/collections/b62021d5-5088-46c6-a312-1d52fe0bdcdc/get HTTP/1.1" 200
[32mINFO[0m:     [08-10-2024 09:49:28] ::1:60574 - "POST /api/v1/collections/b62021d5-5088-46c6-a312-1d52fe0bdcdc/get HTTP/1.1" 200
[32mINFO[0m:     [08-10-2024 09:49:28] ::1:60574 - "POST /api/v1/collections/b62021d5-5088-46c6-a312-1d52fe0bdcdc/get HTTP/1.1" 200
[32mINFO[0m:     [08-10-2024 09:49:28] ::1:60574 - "POST /api/v1/collections/b62021d5-5088-46c6-a312-1d52fe0bdcdc/get HTTP/1.1" 200
[32mINFO[0m:     [08-10-2024 09:49:28] ::1:60574 - "POST /api/v1/collections/b62021d5-5088-46c6-a312-1d52fe0bdcdc/get HTTP/1.1" 200
[32mINFO[0m:     [08-10-2024 09:49:28] ::1:60574 - "POST /api/v1/collections/b62021d5-5088-46c6-a312-1d52fe0bdcdc/get HTTP/1.1" 200
[32mINFO[0m:     [08-10-2024 09:49:28] ::1:60574 - "POST /api/v1/collections/b62021d5-5088-46c6-a312-1d52fe0bdcdc/get HTTP/1.1" 200
[32mINFO[0m:     [08-10-2024 09:49:28] ::1:60574 - "POST /api/v1/collections/b62021d5-5088-46c6-a312-1d52fe0bdcdc/get HTTP/1.1" 200
[32mINFO[0m:     [08-10-2024 09:49:29] ::1:60574 - "POST /api/v1/collections/b62021d5-5088-46c6-a312-1d52fe0bdcdc/get HTTP/1.1" 200
[32mINFO[0m:     [08-10-2024 09:49:29] ::1:60574 - "POST /api/v1/collections/b62021d5-5088-46c6-a312-1d52fe0bdcdc/get HTTP/1.1" 200
[32mINFO[0m:     [08-10-2024 09:49:29] ::1:60574 - "POST /api/v1/collections/b62021d5-5088-46c6-a312-1d52fe0bdcdc/get HTTP/1.1" 200
[32mINFO[0m:     [08-10-2024 09:49:29] ::1:60574 - "POST /api/v1/collections/b62021d5-5088-46c6-a312-1d52fe0bdcdc/get HTTP/1.1" 200
[32mINFO[0m:     [08-10-2024 09:49:29] ::1:60574 - "POST /api/v1/collections/b62021d5-5088-46c6-a312-1d52fe0bdcdc/get HTTP/1.1" 200
[32mINFO[0m:     [08-10-2024 09:49:29] ::1:60574 - "POST /api/v1/collections/b62021d5-5088-46c6-a312-1d52fe0bdcdc/get HTTP/1.1" 200
[32mINFO[0m:     [08-10-2024 09:56:48] ::1:61136 - "GET /api/v1/tenants/default_tenant HTTP/1.1" 200
[32mINFO[0m:     [08-10-2024 09:56:48] ::1:61136 - "GET /api/v1/databases/default_database?tenant=default_tenant HTTP/1.1" 200
[36mDEBUG[0m:    [08-10-2024 09:56:48] Collection mandarake already exists, returning existing collection.
[32mINFO[0m:     [08-10-2024 09:56:48] ::1:61136 - "POST /api/v1/collections?tenant=default_tenant&database=default_database HTTP/1.1" 200
[32mINFO[0m:     [08-10-2024 09:56:57] ::1:61185 - "POST /api/v1/collections/b62021d5-5088-46c6-a312-1d52fe0bdcdc/get HTTP/1.1" 200
[32mINFO[0m:     [08-10-2024 09:56:58] ::1:61185 - "POST /api/v1/collections/b62021d5-5088-46c6-a312-1d52fe0bdcdc/get HTTP/1.1" 200
[32mINFO[0m:     [08-10-2024 09:56:58] ::1:61185 - "POST /api/v1/collections/b62021d5-5088-46c6-a312-1d52fe0bdcdc/get HTTP/1.1" 200
[32mINFO[0m:     [08-10-2024 09:56:58] ::1:61185 - "POST /api/v1/collections/b62021d5-5088-46c6-a312-1d52fe0bdcdc/get HTTP/1.1" 200
[32mINFO[0m:     [08-10-2024 09:56:58] ::1:61185 - "POST /api/v1/collections/b62021d5-5088-46c6-a312-1d52fe0bdcdc/get HTTP/1.1" 200
[32mINFO[0m:     [08-10-2024 09:56:58] ::1:61185 - "POST /api/v1/collections/b62021d5-5088-46c6-a312-1d52fe0bdcdc/get HTTP/1.1" 200
[32mINFO[0m:     [08-10-2024 09:56:58] ::1:61185 - "POST /api/v1/collections/b62021d5-5088-46c6-a312-1d52fe0bdcdc/get HTTP/1.1" 200
[32mINFO[0m:     [08-10-2024 09:56:58] ::1:61185 - "POST /api/v1/collections/b62021d5-5088-46c6-a312-1d52fe0bdcdc/get HTTP/1.1" 200
[32mINFO[0m:     [08-10-2024 09:56:58] ::1:61185 - "POST /api/v1/collections/b62021d5-5088-46c6-a312-1d52fe0bdcdc/get HTTP/1.1" 200
[32mINFO[0m:     [08-10-2024 09:56:58] ::1:61185 - "POST /api/v1/collections/b62021d5-5088-46c6-a312-1d52fe0bdcdc/get HTTP/1.1" 200
[32mINFO[0m:     [08-10-2024 09:56:58] ::1:61185 - "POST /api/v1/collections/b62021d5-5088-46c6-a312-1d52fe0bdcdc/get HTTP/1.1" 200
[32mINFO[0m:     [08-10-2024 09:56:58] ::1:61185 - "POST /api/v1/collections/b62021d5-5088-46c6-a312-1d52fe0bdcdc/get HTTP/1.1" 200
[32mINFO[0m:     [08-10-2024 09:56:59] ::1:61185 - "POST /api/v1/collections/b62021d5-5088-46c6-a312-1d52fe0bdcdc/get HTTP/1.1" 200
[32mINFO[0m:     [08-10-2024 09:56:59] ::1:61185 - "POST /api/v1/collections/b62021d5-5088-46c6-a312-1d52fe0bdcdc/get HTTP/1.1" 200
[32mINFO[0m:     [08-10-2024 09:56:59] ::1:61185 - "POST /api/v1/collections/b62021d5-5088-46c6-a312-1d52fe0bdcdc/get HTTP/1.1" 200
[32mINFO[0m:     [08-10-2024 09:56:59] ::1:61185 - "POST /api/v1/collections/b62021d5-5088-46c6-a312-1d52fe0bdcdc/get HTTP/1.1" 200
[32mINFO[0m:     [08-10-2024 09:56:59] ::1:61185 - "POST /api/v1/collections/b62021d5-5088-46c6-a312-1d52fe0bdcdc/get HTTP/1.1" 200
[32mINFO[0m:     [08-10-2024 09:56:59] ::1:61185 - "POST /api/v1/collections/b62021d5-5088-46c6-a312-1d52fe0bdcdc/get HTTP/1.1" 200
[32mINFO[0m:     [08-10-2024 09:56:59] ::1:61185 - "POST /api/v1/collections/b62021d5-5088-46c6-a312-1d52fe0bdcdc/get HTTP/1.1" 200
[32mINFO[0m:     [08-10-2024 09:56:59] ::1:61185 - "POST /api/v1/collections/b62021d5-5088-46c6-a312-1d52fe0bdcdc/get HTTP/1.1" 200
[32mINFO[0m:     [08-10-2024 09:56:59] ::1:61185 - "POST /api/v1/collections/b62021d5-5088-46c6-a312-1d52fe0bdcdc/get HTTP/1.1" 200
[32mINFO[0m:     [08-10-2024 09:56:59] ::1:61185 - "POST /api/v1/collections/b62021d5-5088-46c6-a312-1d52fe0bdcdc/get HTTP/1.1" 200
[32mINFO[0m:     [08-10-2024 09:56:59] ::1:61185 - "POST /api/v1/collections/b62021d5-5088-46c6-a312-1d52fe0bdcdc/get HTTP/1.1" 200
[32mINFO[0m:     [08-10-2024 09:56:59] ::1:61185 - "POST /api/v1/collections/b62021d5-5088-46c6-a312-1d52fe0bdcdc/get HTTP/1.1" 200
[32mINFO[0m:     [08-10-2024 09:57:00] ::1:61185 - "POST /api/v1/collections/b62021d5-5088-46c6-a312-1d52fe0bdcdc/get HTTP/1.1" 200
[32mINFO[0m:     [08-10-2024 09:57:00] ::1:61185 - "POST /api/v1/collections/b62021d5-5088-46c6-a312-1d52fe0bdcdc/get HTTP/1.1" 200
[32mINFO[0m:     [08-10-2024 09:57:00] ::1:61185 - "POST /api/v1/collections/b62021d5-5088-46c6-a312-1d52fe0bdcdc/get HTTP/1.1" 200
[32mINFO[0m:     [08-10-2024 09:57:00] ::1:61185 - "POST /api/v1/collections/b62021d5-5088-46c6-a312-1d52fe0bdcdc/get HTTP/1.1" 200
[32mINFO[0m:     [08-10-2024 09:57:00] ::1:61185 - "POST /api/v1/collections/b62021d5-5088-46c6-a312-1d52fe0bdcdc/get HTTP/1.1" 200
[32mINFO[0m:     [08-10-2024 09:57:00] ::1:61185 - "POST /api/v1/collections/b62021d5-5088-46c6-a312-1d52fe0bdcdc/get HTTP/1.1" 200
[32mINFO[0m:     [08-10-2024 09:57:00] ::1:61185 - "POST /api/v1/collections/b62021d5-5088-46c6-a312-1d52fe0bdcdc/get HTTP/1.1" 200
[32mINFO[0m:     [08-10-2024 09:57:00] ::1:61185 - "POST /api/v1/collections/b62021d5-5088-46c6-a312-1d52fe0bdcdc/get HTTP/1.1" 200
[32mINFO[0m:     [08-10-2024 09:57:00] ::1:61185 - "POST /api/v1/collections/b62021d5-5088-46c6-a312-1d52fe0bdcdc/get HTTP/1.1" 200
[32mINFO[0m:     [08-10-2024 09:57:00] ::1:61185 - "POST /api/v1/collections/b62021d5-5088-46c6-a312-1d52fe0bdcdc/get HTTP/1.1" 200
[32mINFO[0m:     [08-10-2024 09:57:00] ::1:61185 - "POST /api/v1/collections/b62021d5-5088-46c6-a312-1d52fe0bdcdc/get HTTP/1.1" 200
[32mINFO[0m:     [08-10-2024 09:57:01] ::1:61185 - "POST /api/v1/collections/b62021d5-5088-46c6-a312-1d52fe0bdcdc/get HTTP/1.1" 200
[32mINFO[0m:     [08-10-2024 09:57:01] ::1:61185 - "POST /api/v1/collections/b62021d5-5088-46c6-a312-1d52fe0bdcdc/get HTTP/1.1" 200
[32mINFO[0m:     [08-10-2024 09:57:01] ::1:61185 - "POST /api/v1/collections/b62021d5-5088-46c6-a312-1d52fe0bdcdc/get HTTP/1.1" 200
[32mINFO[0m:     [08-10-2024 09:57:01] ::1:61185 - "POST /api/v1/collections/b62021d5-5088-46c6-a312-1d52fe0bdcdc/get HTTP/1.1" 200
[32mINFO[0m:     [08-10-2024 09:57:01] ::1:61185 - "POST /api/v1/collections/b62021d5-5088-46c6-a312-1d52fe0bdcdc/get HTTP/1.1" 200
[32mINFO[0m:     [08-10-2024 09:57:01] ::1:61185 - "POST /api/v1/collections/b62021d5-5088-46c6-a312-1d52fe0bdcdc/get HTTP/1.1" 200
[32mINFO[0m:     [08-10-2024 09:57:01] ::1:61185 - "POST /api/v1/collections/b62021d5-5088-46c6-a312-1d52fe0bdcdc/get HTTP/1.1" 200
[32mINFO[0m:     [08-10-2024 09:57:01] ::1:61185 - "POST /api/v1/collections/b62021d5-5088-46c6-a312-1d52fe0bdcdc/get HTTP/1.1" 200
[32mINFO[0m:     [08-10-2024 09:57:01] ::1:61185 - "POST /api/v1/collections/b62021d5-5088-46c6-a312-1d52fe0bdcdc/get HTTP/1.1" 200
[32mINFO[0m:     [08-10-2024 09:57:01] ::1:61185 - "POST /api/v1/collections/b62021d5-5088-46c6-a312-1d52fe0bdcdc/get HTTP/1.1" 200
[32mINFO[0m:     [08-10-2024 09:57:05] ::1:61185 - "POST /api/v1/collections/b62021d5-5088-46c6-a312-1d52fe0bdcdc/get HTTP/1.1" 200
[32mINFO[0m:     [08-10-2024 09:57:05] ::1:61185 - "POST /api/v1/collections/b62021d5-5088-46c6-a312-1d52fe0bdcdc/get HTTP/1.1" 200
[32mINFO[0m:     [08-10-2024 09:57:05] ::1:61185 - "POST /api/v1/collections/b62021d5-5088-46c6-a312-1d52fe0bdcdc/get HTTP/1.1" 200
[32mINFO[0m:     [08-10-2024 09:57:05] ::1:61185 - "POST /api/v1/collections/b62021d5-5088-46c6-a312-1d52fe0bdcdc/get HTTP/1.1" 200
[32mINFO[0m:     [08-10-2024 09:57:05] ::1:61185 - "POST /api/v1/collections/b62021d5-5088-46c6-a312-1d52fe0bdcdc/get HTTP/1.1" 200
[32mINFO[0m:     [08-10-2024 09:57:05] ::1:61185 - "POST /api/v1/collections/b62021d5-5088-46c6-a312-1d52fe0bdcdc/get HTTP/1.1" 200
[32mINFO[0m:     [08-10-2024 09:57:05] ::1:61185 - "POST /api/v1/collections/b62021d5-5088-46c6-a312-1d52fe0bdcdc/get HTTP/1.1" 200
[32mINFO[0m:     [08-10-2024 09:57:05] ::1:61185 - "POST /api/v1/collections/b62021d5-5088-46c6-a312-1d52fe0bdcdc/get HTTP/1.1" 200
[32mINFO[0m:     [08-10-2024 09:57:05] ::1:61185 - "POST /api/v1/collections/b62021d5-5088-46c6-a312-1d52fe0bdcdc/get HTTP/1.1" 200
[32mINFO[0m:     [08-10-2024 09:57:05] ::1:61185 - "POST /api/v1/collections/b62021d5-5088-46c6-a312-1d52fe0bdcdc/get HTTP/1.1" 200
[32mINFO[0m:     [08-10-2024 09:57:05] ::1:61185 - "POST /api/v1/collections/b62021d5-5088-46c6-a312-1d52fe0bdcdc/get HTTP/1.1" 200
[32mINFO[0m:     [08-10-2024 09:57:06] ::1:61185 - "POST /api/v1/collections/b62021d5-5088-46c6-a312-1d52fe0bdcdc/get HTTP/1.1" 200
[32mINFO[0m:     [08-10-2024 09:57:06] ::1:61185 - "POST /api/v1/collections/b62021d5-5088-46c6-a312-1d52fe0bdcdc/get HTTP/1.1" 200
[32mINFO[0m:     [08-10-2024 09:57:06] ::1:61185 - "POST /api/v1/collections/b62021d5-5088-46c6-a312-1d52fe0bdcdc/get HTTP/1.1" 200
[32mINFO[0m:     [08-10-2024 09:57:06] ::1:61185 - "POST /api/v1/collections/b62021d5-5088-46c6-a312-1d52fe0bdcdc/get HTTP/1.1" 200
[32mINFO[0m:     [08-10-2024 09:57:06] ::1:61185 - "POST /api/v1/collections/b62021d5-5088-46c6-a312-1d52fe0bdcdc/get HTTP/1.1" 200
[32mINFO[0m:     [08-10-2024 09:57:06] ::1:61185 - "POST /api/v1/collections/b62021d5-5088-46c6-a312-1d52fe0bdcdc/get HTTP/1.1" 200
[32mINFO[0m:     [08-10-2024 09:57:06] ::1:61185 - "POST /api/v1/collections/b62021d5-5088-46c6-a312-1d52fe0bdcdc/get HTTP/1.1" 200
[32mINFO[0m:     [08-10-2024 09:57:06] ::1:61185 - "POST /api/v1/collections/b62021d5-5088-46c6-a312-1d52fe0bdcdc/get HTTP/1.1" 200
[32mINFO[0m:     [08-10-2024 09:57:06] ::1:61185 - "POST /api/v1/collections/b62021d5-5088-46c6-a312-1d52fe0bdcdc/get HTTP/1.1" 200
[32mINFO[0m:     [08-10-2024 09:57:06] ::1:61185 - "POST /api/v1/collections/b62021d5-5088-46c6-a312-1d52fe0bdcdc/get HTTP/1.1" 200
[32mINFO[0m:     [08-10-2024 09:57:06] ::1:61185 - "POST /api/v1/collections/b62021d5-5088-46c6-a312-1d52fe0bdcdc/get HTTP/1.1" 200
[32mINFO[0m:     [08-10-2024 09:57:07] ::1:61185 - "POST /api/v1/collections/b62021d5-5088-46c6-a312-1d52fe0bdcdc/get HTTP/1.1" 200
[32mINFO[0m:     [08-10-2024 09:57:07] ::1:61185 - "POST /api/v1/collections/b62021d5-5088-46c6-a312-1d52fe0bdcdc/get HTTP/1.1" 200
[32mINFO[0m:     [08-10-2024 09:57:07] ::1:61185 - "POST /api/v1/collections/b62021d5-5088-46c6-a312-1d52fe0bdcdc/get HTTP/1.1" 200
[32mINFO[0m:     [08-10-2024 09:57:07] ::1:61185 - "POST /api/v1/collections/b62021d5-5088-46c6-a312-1d52fe0bdcdc/get HTTP/1.1" 200
[32mINFO[0m:     [08-10-2024 09:57:07] ::1:61185 - "POST /api/v1/collections/b62021d5-5088-46c6-a312-1d52fe0bdcdc/get HTTP/1.1" 200
[32mINFO[0m:     [08-10-2024 09:57:07] ::1:61185 - "POST /api/v1/collections/b62021d5-5088-46c6-a312-1d52fe0bdcdc/get HTTP/1.1" 200
[32mINFO[0m:     [08-10-2024 09:57:07] ::1:61185 - "POST /api/v1/collections/b62021d5-5088-46c6-a312-1d52fe0bdcdc/get HTTP/1.1" 200
[32mINFO[0m:     [08-10-2024 09:57:07] ::1:61185 - "POST /api/v1/collections/b62021d5-5088-46c6-a312-1d52fe0bdcdc/get HTTP/1.1" 200
[32mINFO[0m:     [08-10-2024 09:57:07] ::1:61185 - "POST /api/v1/collections/b62021d5-5088-46c6-a312-1d52fe0bdcdc/get HTTP/1.1" 200
[32mINFO[0m:     [08-10-2024 09:57:07] ::1:61185 - "POST /api/v1/collections/b62021d5-5088-46c6-a312-1d52fe0bdcdc/get HTTP/1.1" 200
[32mINFO[0m:     [08-10-2024 09:57:07] ::1:61185 - "POST /api/v1/collections/b62021d5-5088-46c6-a312-1d52fe0bdcdc/get HTTP/1.1" 200
[32mINFO[0m:     [08-10-2024 09:57:07] ::1:61185 - "POST /api/v1/collections/b62021d5-5088-46c6-a312-1d52fe0bdcdc/get HTTP/1.1" 200
[32mINFO[0m:     [08-10-2024 09:57:08] ::1:61185 - "POST /api/v1/collections/b62021d5-5088-46c6-a312-1d52fe0bdcdc/get HTTP/1.1" 200
[32mINFO[0m:     [08-10-2024 09:57:08] ::1:61185 - "POST /api/v1/collections/b62021d5-5088-46c6-a312-1d52fe0bdcdc/get HTTP/1.1" 200
[32mINFO[0m:     [08-10-2024 09:57:08] ::1:61185 - "POST /api/v1/collections/b62021d5-5088-46c6-a312-1d52fe0bdcdc/get HTTP/1.1" 200
[32mINFO[0m:     [08-10-2024 09:57:08] ::1:61185 - "POST /api/v1/collections/b62021d5-5088-46c6-a312-1d52fe0bdcdc/get HTTP/1.1" 200
[32mINFO[0m:     [08-10-2024 09:57:08] ::1:61185 - "POST /api/v1/collections/b62021d5-5088-46c6-a312-1d52fe0bdcdc/get HTTP/1.1" 200
[32mINFO[0m:     [08-10-2024 09:57:08] ::1:61185 - "POST /api/v1/collections/b62021d5-5088-46c6-a312-1d52fe0bdcdc/get HTTP/1.1" 200
[32mINFO[0m:     [08-10-2024 09:57:08] ::1:61185 - "POST /api/v1/collections/b62021d5-5088-46c6-a312-1d52fe0bdcdc/get HTTP/1.1" 200
[32mINFO[0m:     [08-10-2024 09:57:08] ::1:61185 - "POST /api/v1/collections/b62021d5-5088-46c6-a312-1d52fe0bdcdc/get HTTP/1.1" 200
[32mINFO[0m:     [08-10-2024 09:57:08] ::1:61185 - "POST /api/v1/collections/b62021d5-5088-46c6-a312-1d52fe0bdcdc/get HTTP/1.1" 200
[32mINFO[0m:     [08-10-2024 09:57:08] ::1:61185 - "POST /api/v1/collections/b62021d5-5088-46c6-a312-1d52fe0bdcdc/get HTTP/1.1" 200
[32mINFO[0m:     [08-10-2024 09:57:08] ::1:61185 - "POST /api/v1/collections/b62021d5-5088-46c6-a312-1d52fe0bdcdc/get HTTP/1.1" 200
[32mINFO[0m:     [08-10-2024 09:57:08] ::1:61185 - "POST /api/v1/collections/b62021d5-5088-46c6-a312-1d52fe0bdcdc/get HTTP/1.1" 200
[32mINFO[0m:     [08-10-2024 09:57:09] ::1:61185 - "POST /api/v1/collections/b62021d5-5088-46c6-a312-1d52fe0bdcdc/get HTTP/1.1" 200
[32mINFO[0m:     [08-10-2024 09:57:09] ::1:61185 - "POST /api/v1/collections/b62021d5-5088-46c6-a312-1d52fe0bdcdc/get HTTP/1.1" 200
[32mINFO[0m:     [08-10-2024 09:57:11] ::1:61185 - "POST /api/v1/collections/b62021d5-5088-46c6-a312-1d52fe0bdcdc/get HTTP/1.1" 200
[32mINFO[0m:     [08-10-2024 09:57:11] ::1:61185 - "POST /api/v1/collections/b62021d5-5088-46c6-a312-1d52fe0bdcdc/get HTTP/1.1" 200
[32mINFO[0m:     [08-10-2024 09:57:11] ::1:61185 - "POST /api/v1/collections/b62021d5-5088-46c6-a312-1d52fe0bdcdc/get HTTP/1.1" 200
[32mINFO[0m:     [08-10-2024 09:57:11] ::1:61185 - "POST /api/v1/collections/b62021d5-5088-46c6-a312-1d52fe0bdcdc/get HTTP/1.1" 200
[32mINFO[0m:     [08-10-2024 09:57:11] ::1:61185 - "POST /api/v1/collections/b62021d5-5088-46c6-a312-1d52fe0bdcdc/get HTTP/1.1" 200
[32mINFO[0m:     [08-10-2024 09:57:11] ::1:61185 - "POST /api/v1/collections/b62021d5-5088-46c6-a312-1d52fe0bdcdc/get HTTP/1.1" 200
[32mINFO[0m:     [08-10-2024 09:57:11] ::1:61185 - "POST /api/v1/collections/b62021d5-5088-46c6-a312-1d52fe0bdcdc/get HTTP/1.1" 200
[32mINFO[0m:     [08-10-2024 09:57:12] ::1:61185 - "POST /api/v1/collections/b62021d5-5088-46c6-a312-1d52fe0bdcdc/get HTTP/1.1" 200
[32mINFO[0m:     [08-10-2024 09:57:12] ::1:61185 - "POST /api/v1/collections/b62021d5-5088-46c6-a312-1d52fe0bdcdc/get HTTP/1.1" 200
[32mINFO[0m:     [08-10-2024 09:57:12] ::1:61185 - "POST /api/v1/collections/b62021d5-5088-46c6-a312-1d52fe0bdcdc/get HTTP/1.1" 200
[32mINFO[0m:     [08-10-2024 09:57:12] ::1:61185 - "POST /api/v1/collections/b62021d5-5088-46c6-a312-1d52fe0bdcdc/get HTTP/1.1" 200
[32mINFO[0m:     [08-10-2024 09:57:12] ::1:61185 - "POST /api/v1/collections/b62021d5-5088-46c6-a312-1d52fe0bdcdc/get HTTP/1.1" 200
[32mINFO[0m:     [08-10-2024 09:57:12] ::1:61185 - "POST /api/v1/collections/b62021d5-5088-46c6-a312-1d52fe0bdcdc/get HTTP/1.1" 200
[32mINFO[0m:     [08-10-2024 09:57:12] ::1:61185 - "POST /api/v1/collections/b62021d5-5088-46c6-a312-1d52fe0bdcdc/get HTTP/1.1" 200
[32mINFO[0m:     [08-10-2024 09:57:12] ::1:61185 - "POST /api/v1/collections/b62021d5-5088-46c6-a312-1d52fe0bdcdc/get HTTP/1.1" 200
[32mINFO[0m:     [08-10-2024 09:57:12] ::1:61185 - "POST /api/v1/collections/b62021d5-5088-46c6-a312-1d52fe0bdcdc/get HTTP/1.1" 200
[32mINFO[0m:     [08-10-2024 09:57:12] ::1:61185 - "POST /api/v1/collections/b62021d5-5088-46c6-a312-1d52fe0bdcdc/get HTTP/1.1" 200
[32mINFO[0m:     [08-10-2024 09:57:12] ::1:61185 - "POST /api/v1/collections/b62021d5-5088-46c6-a312-1d52fe0bdcdc/get HTTP/1.1" 200
[32mINFO[0m:     [08-10-2024 09:57:12] ::1:61185 - "POST /api/v1/collections/b62021d5-5088-46c6-a312-1d52fe0bdcdc/get HTTP/1.1" 200
[32mINFO[0m:     [08-10-2024 09:57:13] ::1:61185 - "POST /api/v1/collections/b62021d5-5088-46c6-a312-1d52fe0bdcdc/get HTTP/1.1" 200
[32mINFO[0m:     [08-10-2024 09:57:13] ::1:61185 - "POST /api/v1/collections/b62021d5-5088-46c6-a312-1d52fe0bdcdc/get HTTP/1.1" 200
[32mINFO[0m:     [08-10-2024 09:57:13] ::1:61185 - "POST /api/v1/collections/b62021d5-5088-46c6-a312-1d52fe0bdcdc/get HTTP/1.1" 200
[32mINFO[0m:     [08-10-2024 09:57:13] ::1:61185 - "POST /api/v1/collections/b62021d5-5088-46c6-a312-1d52fe0bdcdc/get HTTP/1.1" 200
[32mINFO[0m:     [08-10-2024 09:57:13] ::1:61185 - "POST /api/v1/collections/b62021d5-5088-46c6-a312-1d52fe0bdcdc/get HTTP/1.1" 200
[32mINFO[0m:     [08-10-2024 09:57:13] ::1:61185 - "POST /api/v1/collections/b62021d5-5088-46c6-a312-1d52fe0bdcdc/get HTTP/1.1" 200
[32mINFO[0m:     [08-10-2024 09:57:13] ::1:61185 - "POST /api/v1/collections/b62021d5-5088-46c6-a312-1d52fe0bdcdc/get HTTP/1.1" 200
[32mINFO[0m:     [08-10-2024 09:57:13] ::1:61185 - "POST /api/v1/collections/b62021d5-5088-46c6-a312-1d52fe0bdcdc/get HTTP/1.1" 200
[32mINFO[0m:     [08-10-2024 09:57:13] ::1:61185 - "POST /api/v1/collections/b62021d5-5088-46c6-a312-1d52fe0bdcdc/get HTTP/1.1" 200
[32mINFO[0m:     [08-10-2024 09:57:13] ::1:61185 - "POST /api/v1/collections/b62021d5-5088-46c6-a312-1d52fe0bdcdc/get HTTP/1.1" 200
[32mINFO[0m:     [08-10-2024 09:57:13] ::1:61185 - "POST /api/v1/collections/b62021d5-5088-46c6-a312-1d52fe0bdcdc/get HTTP/1.1" 200
[32mINFO[0m:     [08-10-2024 09:57:13] ::1:61185 - "POST /api/v1/collections/b62021d5-5088-46c6-a312-1d52fe0bdcdc/get HTTP/1.1" 200
[32mINFO[0m:     [08-10-2024 09:57:14] ::1:61185 - "POST /api/v1/collections/b62021d5-5088-46c6-a312-1d52fe0bdcdc/get HTTP/1.1" 200
[32mINFO[0m:     [08-10-2024 09:57:14] ::1:61185 - "POST /api/v1/collections/b62021d5-5088-46c6-a312-1d52fe0bdcdc/get HTTP/1.1" 200
[32mINFO[0m:     [08-10-2024 09:57:14] ::1:61185 - "POST /api/v1/collections/b62021d5-5088-46c6-a312-1d52fe0bdcdc/get HTTP/1.1" 200
[32mINFO[0m:     [08-10-2024 09:57:14] ::1:61185 - "POST /api/v1/collections/b62021d5-5088-46c6-a312-1d52fe0bdcdc/get HTTP/1.1" 200
[32mINFO[0m:     [08-10-2024 09:57:14] ::1:61185 - "POST /api/v1/collections/b62021d5-5088-46c6-a312-1d52fe0bdcdc/get HTTP/1.1" 200
[32mINFO[0m:     [08-10-2024 09:57:14] ::1:61185 - "POST /api/v1/collections/b62021d5-5088-46c6-a312-1d52fe0bdcdc/get HTTP/1.1" 200
[32mINFO[0m:     [08-10-2024 09:57:14] ::1:61185 - "POST /api/v1/collections/b62021d5-5088-46c6-a312-1d52fe0bdcdc/get HTTP/1.1" 200
[32mINFO[0m:     [08-10-2024 09:57:14] ::1:61185 - "POST /api/v1/collections/b62021d5-5088-46c6-a312-1d52fe0bdcdc/get HTTP/1.1" 200
[32mINFO[0m:     [08-10-2024 09:57:14] ::1:61185 - "POST /api/v1/collections/b62021d5-5088-46c6-a312-1d52fe0bdcdc/get HTTP/1.1" 200
[32mINFO[0m:     [08-10-2024 09:57:14] ::1:61185 - "POST /api/v1/collections/b62021d5-5088-46c6-a312-1d52fe0bdcdc/get HTTP/1.1" 200
[32mINFO[0m:     [08-10-2024 09:57:14] ::1:61185 - "POST /api/v1/collections/b62021d5-5088-46c6-a312-1d52fe0bdcdc/get HTTP/1.1" 200
[32mINFO[0m:     [08-10-2024 09:57:14] ::1:61185 - "POST /api/v1/collections/b62021d5-5088-46c6-a312-1d52fe0bdcdc/get HTTP/1.1" 200
[32mINFO[0m:     [08-10-2024 09:57:15] ::1:61185 - "POST /api/v1/collections/b62021d5-5088-46c6-a312-1d52fe0bdcdc/get HTTP/1.1" 200
[32mINFO[0m:     [08-10-2024 09:57:15] ::1:61185 - "POST /api/v1/collections/b62021d5-5088-46c6-a312-1d52fe0bdcdc/get HTTP/1.1" 200
[32mINFO[0m:     [08-10-2024 09:57:15] ::1:61185 - "POST /api/v1/collections/b62021d5-5088-46c6-a312-1d52fe0bdcdc/get HTTP/1.1" 200
[32mINFO[0m:     [08-10-2024 09:57:15] ::1:61185 - "POST /api/v1/collections/b62021d5-5088-46c6-a312-1d52fe0bdcdc/get HTTP/1.1" 200
[32mINFO[0m:     [08-10-2024 09:57:15] ::1:61185 - "POST /api/v1/collections/b62021d5-5088-46c6-a312-1d52fe0bdcdc/get HTTP/1.1" 200
[32mINFO[0m:     [08-10-2024 09:57:18] ::1:61185 - "POST /api/v1/collections/b62021d5-5088-46c6-a312-1d52fe0bdcdc/get HTTP/1.1" 200
[32mINFO[0m:     [08-10-2024 09:57:18] ::1:61185 - "POST /api/v1/collections/b62021d5-5088-46c6-a312-1d52fe0bdcdc/get HTTP/1.1" 200
[32mINFO[0m:     [08-10-2024 09:57:18] ::1:61185 - "POST /api/v1/collections/b62021d5-5088-46c6-a312-1d52fe0bdcdc/get HTTP/1.1" 200
[32mINFO[0m:     [08-10-2024 09:57:18] ::1:61185 - "POST /api/v1/collections/b62021d5-5088-46c6-a312-1d52fe0bdcdc/get HTTP/1.1" 200
[32mINFO[0m:     [08-10-2024 09:57:18] ::1:61185 - "POST /api/v1/collections/b62021d5-5088-46c6-a312-1d52fe0bdcdc/get HTTP/1.1" 200
[32mINFO[0m:     [08-10-2024 09:57:18] ::1:61185 - "POST /api/v1/collections/b62021d5-5088-46c6-a312-1d52fe0bdcdc/get HTTP/1.1" 200
[32mINFO[0m:     [08-10-2024 09:57:18] ::1:61185 - "POST /api/v1/collections/b62021d5-5088-46c6-a312-1d52fe0bdcdc/get HTTP/1.1" 200
[32mINFO[0m:     [08-10-2024 09:57:18] ::1:61185 - "POST /api/v1/collections/b62021d5-5088-46c6-a312-1d52fe0bdcdc/get HTTP/1.1" 200
[32mINFO[0m:     [08-10-2024 09:57:18] ::1:61185 - "POST /api/v1/collections/b62021d5-5088-46c6-a312-1d52fe0bdcdc/get HTTP/1.1" 200
[32mINFO[0m:     [08-10-2024 09:57:18] ::1:61185 - "POST /api/v1/collections/b62021d5-5088-46c6-a312-1d52fe0bdcdc/get HTTP/1.1" 200
[32mINFO[0m:     [08-10-2024 09:57:19] ::1:61185 - "POST /api/v1/collections/b62021d5-5088-46c6-a312-1d52fe0bdcdc/get HTTP/1.1" 200
[32mINFO[0m:     [08-10-2024 09:57:19] ::1:61185 - "POST /api/v1/collections/b62021d5-5088-46c6-a312-1d52fe0bdcdc/get HTTP/1.1" 200
[32mINFO[0m:     [08-10-2024 09:57:19] ::1:61185 - "POST /api/v1/collections/b62021d5-5088-46c6-a312-1d52fe0bdcdc/get HTTP/1.1" 200
[32mINFO[0m:     [08-10-2024 09:57:19] ::1:61185 - "POST /api/v1/collections/b62021d5-5088-46c6-a312-1d52fe0bdcdc/get HTTP/1.1" 200
[32mINFO[0m:     [08-10-2024 09:57:19] ::1:61185 - "POST /api/v1/collections/b62021d5-5088-46c6-a312-1d52fe0bdcdc/get HTTP/1.1" 200
[32mINFO[0m:     [08-10-2024 09:57:19] ::1:61185 - "POST /api/v1/collections/b62021d5-5088-46c6-a312-1d52fe0bdcdc/get HTTP/1.1" 200
[32mINFO[0m:     [08-10-2024 09:57:19] ::1:61185 - "POST /api/v1/collections/b62021d5-5088-46c6-a312-1d52fe0bdcdc/get HTTP/1.1" 200
[32mINFO[0m:     [08-10-2024 09:57:19] ::1:61185 - "POST /api/v1/collections/b62021d5-5088-46c6-a312-1d52fe0bdcdc/get HTTP/1.1" 200
[32mINFO[0m:     [08-10-2024 09:57:19] ::1:61185 - "POST /api/v1/collections/b62021d5-5088-46c6-a312-1d52fe0bdcdc/get HTTP/1.1" 200
[32mINFO[0m:     [08-10-2024 09:57:19] ::1:61185 - "POST /api/v1/collections/b62021d5-5088-46c6-a312-1d52fe0bdcdc/get HTTP/1.1" 200
[32mINFO[0m:     [08-10-2024 09:57:19] ::1:61185 - "POST /api/v1/collections/b62021d5-5088-46c6-a312-1d52fe0bdcdc/get HTTP/1.1" 200
[32mINFO[0m:     [08-10-2024 09:57:19] ::1:61185 - "POST /api/v1/collections/b62021d5-5088-46c6-a312-1d52fe0bdcdc/get HTTP/1.1" 200
[32mINFO[0m:     [08-10-2024 09:57:20] ::1:61185 - "POST /api/v1/collections/b62021d5-5088-46c6-a312-1d52fe0bdcdc/get HTTP/1.1" 200
[32mINFO[0m:     [08-10-2024 09:57:20] ::1:61185 - "POST /api/v1/collections/b62021d5-5088-46c6-a312-1d52fe0bdcdc/get HTTP/1.1" 200
[32mINFO[0m:     [08-10-2024 09:57:20] ::1:61185 - "POST /api/v1/collections/b62021d5-5088-46c6-a312-1d52fe0bdcdc/get HTTP/1.1" 200
[32mINFO[0m:     [08-10-2024 09:57:20] ::1:61185 - "POST /api/v1/collections/b62021d5-5088-46c6-a312-1d52fe0bdcdc/get HTTP/1.1" 200
[32mINFO[0m:     [08-10-2024 09:57:20] ::1:61185 - "POST /api/v1/collections/b62021d5-5088-46c6-a312-1d52fe0bdcdc/get HTTP/1.1" 200
[32mINFO[0m:     [08-10-2024 09:57:20] ::1:61185 - "POST /api/v1/collections/b62021d5-5088-46c6-a312-1d52fe0bdcdc/get HTTP/1.1" 200
[32mINFO[0m:     [08-10-2024 09:57:20] ::1:61185 - "POST /api/v1/collections/b62021d5-5088-46c6-a312-1d52fe0bdcdc/get HTTP/1.1" 200
[32mINFO[0m:     [08-10-2024 09:57:20] ::1:61185 - "POST /api/v1/collections/b62021d5-5088-46c6-a312-1d52fe0bdcdc/get HTTP/1.1" 200
[32mINFO[0m:     [08-10-2024 09:57:20] ::1:61185 - "POST /api/v1/collections/b62021d5-5088-46c6-a312-1d52fe0bdcdc/get HTTP/1.1" 200
[32mINFO[0m:     [08-10-2024 09:57:20] ::1:61185 - "POST /api/v1/collections/b62021d5-5088-46c6-a312-1d52fe0bdcdc/get HTTP/1.1" 200
[32mINFO[0m:     [08-10-2024 09:57:20] ::1:61185 - "POST /api/v1/collections/b62021d5-5088-46c6-a312-1d52fe0bdcdc/get HTTP/1.1" 200
[32mINFO[0m:     [08-10-2024 09:57:20] ::1:61185 - "POST /api/v1/collections/b62021d5-5088-46c6-a312-1d52fe0bdcdc/get HTTP/1.1" 200
[32mINFO[0m:     [08-10-2024 09:57:21] ::1:61185 - "POST /api/v1/collections/b62021d5-5088-46c6-a312-1d52fe0bdcdc/get HTTP/1.1" 200
[32mINFO[0m:     [08-10-2024 09:57:21] ::1:61185 - "POST /api/v1/collections/b62021d5-5088-46c6-a312-1d52fe0bdcdc/get HTTP/1.1" 200
[32mINFO[0m:     [08-10-2024 09:57:21] ::1:61185 - "POST /api/v1/collections/b62021d5-5088-46c6-a312-1d52fe0bdcdc/get HTTP/1.1" 200
[32mINFO[0m:     [08-10-2024 09:57:21] ::1:61185 - "POST /api/v1/collections/b62021d5-5088-46c6-a312-1d52fe0bdcdc/get HTTP/1.1" 200
[32mINFO[0m:     [08-10-2024 09:57:21] ::1:61185 - "POST /api/v1/collections/b62021d5-5088-46c6-a312-1d52fe0bdcdc/get HTTP/1.1" 200
[32mINFO[0m:     [08-10-2024 09:57:21] ::1:61185 - "POST /api/v1/collections/b62021d5-5088-46c6-a312-1d52fe0bdcdc/get HTTP/1.1" 200
[32mINFO[0m:     [08-10-2024 09:57:21] ::1:61185 - "POST /api/v1/collections/b62021d5-5088-46c6-a312-1d52fe0bdcdc/get HTTP/1.1" 200
[32mINFO[0m:     [08-10-2024 09:57:21] ::1:61185 - "POST /api/v1/collections/b62021d5-5088-46c6-a312-1d52fe0bdcdc/get HTTP/1.1" 200
[32mINFO[0m:     [08-10-2024 09:57:21] ::1:61185 - "POST /api/v1/collections/b62021d5-5088-46c6-a312-1d52fe0bdcdc/get HTTP/1.1" 200
[32mINFO[0m:     [08-10-2024 09:57:21] ::1:61185 - "POST /api/v1/collections/b62021d5-5088-46c6-a312-1d52fe0bdcdc/get HTTP/1.1" 200
[32mINFO[0m:     [08-10-2024 09:57:21] ::1:61185 - "POST /api/v1/collections/b62021d5-5088-46c6-a312-1d52fe0bdcdc/get HTTP/1.1" 200
[32mINFO[0m:     [08-10-2024 09:57:21] ::1:61185 - "POST /api/v1/collections/b62021d5-5088-46c6-a312-1d52fe0bdcdc/get HTTP/1.1" 200
[32mINFO[0m:     [08-10-2024 09:57:22] ::1:61185 - "POST /api/v1/collections/b62021d5-5088-46c6-a312-1d52fe0bdcdc/get HTTP/1.1" 200
[32mINFO[0m:     [08-10-2024 09:57:22] ::1:61185 - "POST /api/v1/collections/b62021d5-5088-46c6-a312-1d52fe0bdcdc/get HTTP/1.1" 200
[32mINFO[0m:     [08-10-2024 09:57:25] ::1:61185 - "POST /api/v1/collections/b62021d5-5088-46c6-a312-1d52fe0bdcdc/get HTTP/1.1" 200
[32mINFO[0m:     [08-10-2024 09:57:25] ::1:61185 - "POST /api/v1/collections/b62021d5-5088-46c6-a312-1d52fe0bdcdc/get HTTP/1.1" 200
[32mINFO[0m:     [08-10-2024 09:57:25] ::1:61185 - "POST /api/v1/collections/b62021d5-5088-46c6-a312-1d52fe0bdcdc/get HTTP/1.1" 200
[32mINFO[0m:     [08-10-2024 09:57:25] ::1:61185 - "POST /api/v1/collections/b62021d5-5088-46c6-a312-1d52fe0bdcdc/get HTTP/1.1" 200
[32mINFO[0m:     [08-10-2024 09:57:25] ::1:61185 - "POST /api/v1/collections/b62021d5-5088-46c6-a312-1d52fe0bdcdc/get HTTP/1.1" 200
[32mINFO[0m:     [08-10-2024 09:57:25] ::1:61185 - "POST /api/v1/collections/b62021d5-5088-46c6-a312-1d52fe0bdcdc/get HTTP/1.1" 200
[32mINFO[0m:     [08-10-2024 09:57:25] ::1:61185 - "POST /api/v1/collections/b62021d5-5088-46c6-a312-1d52fe0bdcdc/get HTTP/1.1" 200
[32mINFO[0m:     [08-10-2024 09:57:25] ::1:61185 - "POST /api/v1/collections/b62021d5-5088-46c6-a312-1d52fe0bdcdc/get HTTP/1.1" 200
[32mINFO[0m:     [08-10-2024 09:57:26] ::1:61185 - "POST /api/v1/collections/b62021d5-5088-46c6-a312-1d52fe0bdcdc/get HTTP/1.1" 200
[32mINFO[0m:     [08-10-2024 09:57:26] ::1:61185 - "POST /api/v1/collections/b62021d5-5088-46c6-a312-1d52fe0bdcdc/get HTTP/1.1" 200
[32mINFO[0m:     [08-10-2024 09:57:26] ::1:61185 - "POST /api/v1/collections/b62021d5-5088-46c6-a312-1d52fe0bdcdc/get HTTP/1.1" 200
[32mINFO[0m:     [08-10-2024 09:57:26] ::1:61185 - "POST /api/v1/collections/b62021d5-5088-46c6-a312-1d52fe0bdcdc/get HTTP/1.1" 200
[32mINFO[0m:     [08-10-2024 09:57:26] ::1:61185 - "POST /api/v1/collections/b62021d5-5088-46c6-a312-1d52fe0bdcdc/get HTTP/1.1" 200
[32mINFO[0m:     [08-10-2024 09:57:26] ::1:61185 - "POST /api/v1/collections/b62021d5-5088-46c6-a312-1d52fe0bdcdc/get HTTP/1.1" 200
[32mINFO[0m:     [08-10-2024 09:57:26] ::1:61185 - "POST /api/v1/collections/b62021d5-5088-46c6-a312-1d52fe0bdcdc/get HTTP/1.1" 200
[32mINFO[0m:     [08-10-2024 09:57:26] ::1:61185 - "POST /api/v1/collections/b62021d5-5088-46c6-a312-1d52fe0bdcdc/get HTTP/1.1" 200
[32mINFO[0m:     [08-10-2024 09:57:26] ::1:61185 - "POST /api/v1/collections/b62021d5-5088-46c6-a312-1d52fe0bdcdc/get HTTP/1.1" 200
[32mINFO[0m:     [08-10-2024 09:57:26] ::1:61185 - "POST /api/v1/collections/b62021d5-5088-46c6-a312-1d52fe0bdcdc/get HTTP/1.1" 200
[32mINFO[0m:     [08-10-2024 09:57:26] ::1:61185 - "POST /api/v1/collections/b62021d5-5088-46c6-a312-1d52fe0bdcdc/get HTTP/1.1" 200
[32mINFO[0m:     [08-10-2024 09:57:26] ::1:61185 - "POST /api/v1/collections/b62021d5-5088-46c6-a312-1d52fe0bdcdc/get HTTP/1.1" 200
[32mINFO[0m:     [08-10-2024 09:57:27] ::1:61185 - "POST /api/v1/collections/b62021d5-5088-46c6-a312-1d52fe0bdcdc/get HTTP/1.1" 200
[32mINFO[0m:     [08-10-2024 09:57:27] ::1:61185 - "POST /api/v1/collections/b62021d5-5088-46c6-a312-1d52fe0bdcdc/get HTTP/1.1" 200
[32mINFO[0m:     [08-10-2024 09:57:27] ::1:61185 - "POST /api/v1/collections/b62021d5-5088-46c6-a312-1d52fe0bdcdc/get HTTP/1.1" 200
[32mINFO[0m:     [08-10-2024 09:57:27] ::1:61185 - "POST /api/v1/collections/b62021d5-5088-46c6-a312-1d52fe0bdcdc/get HTTP/1.1" 200
[32mINFO[0m:     [08-10-2024 09:57:27] ::1:61185 - "POST /api/v1/collections/b62021d5-5088-46c6-a312-1d52fe0bdcdc/get HTTP/1.1" 200
[32mINFO[0m:     [08-10-2024 09:57:27] ::1:61185 - "POST /api/v1/collections/b62021d5-5088-46c6-a312-1d52fe0bdcdc/get HTTP/1.1" 200
[32mINFO[0m:     [08-10-2024 09:57:27] ::1:61185 - "POST /api/v1/collections/b62021d5-5088-46c6-a312-1d52fe0bdcdc/get HTTP/1.1" 200
[32mINFO[0m:     [08-10-2024 09:57:27] ::1:61185 - "POST /api/v1/collections/b62021d5-5088-46c6-a312-1d52fe0bdcdc/get HTTP/1.1" 200
[32mINFO[0m:     [08-10-2024 09:57:27] ::1:61185 - "POST /api/v1/collections/b62021d5-5088-46c6-a312-1d52fe0bdcdc/get HTTP/1.1" 200
[32mINFO[0m:     [08-10-2024 09:57:27] ::1:61185 - "POST /api/v1/collections/b62021d5-5088-46c6-a312-1d52fe0bdcdc/get HTTP/1.1" 200
[32mINFO[0m:     [08-10-2024 09:57:27] ::1:61185 - "POST /api/v1/collections/b62021d5-5088-46c6-a312-1d52fe0bdcdc/get HTTP/1.1" 200
[32mINFO[0m:     [08-10-2024 09:57:27] ::1:61185 - "POST /api/v1/collections/b62021d5-5088-46c6-a312-1d52fe0bdcdc/get HTTP/1.1" 200
[32mINFO[0m:     [08-10-2024 09:57:28] ::1:61185 - "POST /api/v1/collections/b62021d5-5088-46c6-a312-1d52fe0bdcdc/get HTTP/1.1" 200
[32mINFO[0m:     [08-10-2024 09:57:28] ::1:61185 - "POST /api/v1/collections/b62021d5-5088-46c6-a312-1d52fe0bdcdc/get HTTP/1.1" 200
[32mINFO[0m:     [08-10-2024 09:57:28] ::1:61185 - "POST /api/v1/collections/b62021d5-5088-46c6-a312-1d52fe0bdcdc/get HTTP/1.1" 200
[32mINFO[0m:     [08-10-2024 09:57:28] ::1:61185 - "POST /api/v1/collections/b62021d5-5088-46c6-a312-1d52fe0bdcdc/get HTTP/1.1" 200
[32mINFO[0m:     [08-10-2024 09:57:28] ::1:61185 - "POST /api/v1/collections/b62021d5-5088-46c6-a312-1d52fe0bdcdc/get HTTP/1.1" 200
[32mINFO[0m:     [08-10-2024 09:57:28] ::1:61185 - "POST /api/v1/collections/b62021d5-5088-46c6-a312-1d52fe0bdcdc/get HTTP/1.1" 200
[32mINFO[0m:     [08-10-2024 09:57:28] ::1:61185 - "POST /api/v1/collections/b62021d5-5088-46c6-a312-1d52fe0bdcdc/get HTTP/1.1" 200
[32mINFO[0m:     [08-10-2024 09:57:28] ::1:61185 - "POST /api/v1/collections/b62021d5-5088-46c6-a312-1d52fe0bdcdc/get HTTP/1.1" 200
[32mINFO[0m:     [08-10-2024 09:57:28] ::1:61185 - "POST /api/v1/collections/b62021d5-5088-46c6-a312-1d52fe0bdcdc/get HTTP/1.1" 200
[32mINFO[0m:     [08-10-2024 09:57:28] ::1:61185 - "POST /api/v1/collections/b62021d5-5088-46c6-a312-1d52fe0bdcdc/get HTTP/1.1" 200
[32mINFO[0m:     [08-10-2024 09:57:28] ::1:61185 - "POST /api/v1/collections/b62021d5-5088-46c6-a312-1d52fe0bdcdc/get HTTP/1.1" 200
[32mINFO[0m:     [08-10-2024 09:57:28] ::1:61185 - "POST /api/v1/collections/b62021d5-5088-46c6-a312-1d52fe0bdcdc/get HTTP/1.1" 200
[32mINFO[0m:     [08-10-2024 09:57:28] ::1:61185 - "POST /api/v1/collections/b62021d5-5088-46c6-a312-1d52fe0bdcdc/get HTTP/1.1" 200
[32mINFO[0m:     [08-10-2024 09:57:29] ::1:61185 - "POST /api/v1/collections/b62021d5-5088-46c6-a312-1d52fe0bdcdc/get HTTP/1.1" 200
[32mINFO[0m:     [08-10-2024 09:57:29] ::1:61185 - "POST /api/v1/collections/b62021d5-5088-46c6-a312-1d52fe0bdcdc/get HTTP/1.1" 200
[32mINFO[0m:     [08-10-2024 09:57:32] ::1:61185 - "POST /api/v1/collections/b62021d5-5088-46c6-a312-1d52fe0bdcdc/get HTTP/1.1" 200
[32mINFO[0m:     [08-10-2024 09:57:32] ::1:61185 - "POST /api/v1/collections/b62021d5-5088-46c6-a312-1d52fe0bdcdc/get HTTP/1.1" 200
[32mINFO[0m:     [08-10-2024 09:57:32] ::1:61185 - "POST /api/v1/collections/b62021d5-5088-46c6-a312-1d52fe0bdcdc/get HTTP/1.1" 200
[32mINFO[0m:     [08-10-2024 09:57:32] ::1:61185 - "POST /api/v1/collections/b62021d5-5088-46c6-a312-1d52fe0bdcdc/get HTTP/1.1" 200
[32mINFO[0m:     [08-10-2024 09:57:32] ::1:61185 - "POST /api/v1/collections/b62021d5-5088-46c6-a312-1d52fe0bdcdc/get HTTP/1.1" 200
[32mINFO[0m:     [08-10-2024 09:57:32] ::1:61185 - "POST /api/v1/collections/b62021d5-5088-46c6-a312-1d52fe0bdcdc/get HTTP/1.1" 200
[32mINFO[0m:     [08-10-2024 09:57:32] ::1:61185 - "POST /api/v1/collections/b62021d5-5088-46c6-a312-1d52fe0bdcdc/get HTTP/1.1" 200
[32mINFO[0m:     [08-10-2024 09:57:32] ::1:61185 - "POST /api/v1/collections/b62021d5-5088-46c6-a312-1d52fe0bdcdc/get HTTP/1.1" 200
[32mINFO[0m:     [08-10-2024 09:57:33] ::1:61185 - "POST /api/v1/collections/b62021d5-5088-46c6-a312-1d52fe0bdcdc/get HTTP/1.1" 200
[32mINFO[0m:     [08-10-2024 09:57:33] ::1:61185 - "POST /api/v1/collections/b62021d5-5088-46c6-a312-1d52fe0bdcdc/get HTTP/1.1" 200
[32mINFO[0m:     [08-10-2024 09:57:33] ::1:61185 - "POST /api/v1/collections/b62021d5-5088-46c6-a312-1d52fe0bdcdc/get HTTP/1.1" 200
[32mINFO[0m:     [08-10-2024 09:57:33] ::1:61185 - "POST /api/v1/collections/b62021d5-5088-46c6-a312-1d52fe0bdcdc/get HTTP/1.1" 200
[32mINFO[0m:     [08-10-2024 09:57:33] ::1:61185 - "POST /api/v1/collections/b62021d5-5088-46c6-a312-1d52fe0bdcdc/get HTTP/1.1" 200
[32mINFO[0m:     [08-10-2024 09:57:33] ::1:61185 - "POST /api/v1/collections/b62021d5-5088-46c6-a312-1d52fe0bdcdc/get HTTP/1.1" 200
[32mINFO[0m:     [08-10-2024 09:57:33] ::1:61185 - "POST /api/v1/collections/b62021d5-5088-46c6-a312-1d52fe0bdcdc/get HTTP/1.1" 200
[32mINFO[0m:     [08-10-2024 09:57:33] ::1:61185 - "POST /api/v1/collections/b62021d5-5088-46c6-a312-1d52fe0bdcdc/get HTTP/1.1" 200
[32mINFO[0m:     [08-10-2024 09:57:33] ::1:61185 - "POST /api/v1/collections/b62021d5-5088-46c6-a312-1d52fe0bdcdc/get HTTP/1.1" 200
[32mINFO[0m:     [08-10-2024 09:57:33] ::1:61185 - "POST /api/v1/collections/b62021d5-5088-46c6-a312-1d52fe0bdcdc/get HTTP/1.1" 200
[32mINFO[0m:     [08-10-2024 09:57:33] ::1:61185 - "POST /api/v1/collections/b62021d5-5088-46c6-a312-1d52fe0bdcdc/get HTTP/1.1" 200
[32mINFO[0m:     [08-10-2024 09:57:33] ::1:61185 - "POST /api/v1/collections/b62021d5-5088-46c6-a312-1d52fe0bdcdc/get HTTP/1.1" 200
[32mINFO[0m:     [08-10-2024 09:57:34] ::1:61185 - "POST /api/v1/collections/b62021d5-5088-46c6-a312-1d52fe0bdcdc/get HTTP/1.1" 200
[32mINFO[0m:     [08-10-2024 09:57:34] ::1:61185 - "POST /api/v1/collections/b62021d5-5088-46c6-a312-1d52fe0bdcdc/get HTTP/1.1" 200
[32mINFO[0m:     [08-10-2024 09:57:34] ::1:61185 - "POST /api/v1/collections/b62021d5-5088-46c6-a312-1d52fe0bdcdc/get HTTP/1.1" 200
[32mINFO[0m:     [08-10-2024 09:57:34] ::1:61185 - "POST /api/v1/collections/b62021d5-5088-46c6-a312-1d52fe0bdcdc/get HTTP/1.1" 200
[32mINFO[0m:     [08-10-2024 09:57:34] ::1:61185 - "POST /api/v1/collections/b62021d5-5088-46c6-a312-1d52fe0bdcdc/get HTTP/1.1" 200
[32mINFO[0m:     [08-10-2024 09:57:34] ::1:61185 - "POST /api/v1/collections/b62021d5-5088-46c6-a312-1d52fe0bdcdc/get HTTP/1.1" 200
[32mINFO[0m:     [08-10-2024 09:57:34] ::1:61185 - "POST /api/v1/collections/b62021d5-5088-46c6-a312-1d52fe0bdcdc/get HTTP/1.1" 200
[32mINFO[0m:     [08-10-2024 09:57:34] ::1:61185 - "POST /api/v1/collections/b62021d5-5088-46c6-a312-1d52fe0bdcdc/get HTTP/1.1" 200
[32mINFO[0m:     [08-10-2024 09:57:34] ::1:61185 - "POST /api/v1/collections/b62021d5-5088-46c6-a312-1d52fe0bdcdc/get HTTP/1.1" 200
[32mINFO[0m:     [08-10-2024 09:57:34] ::1:61185 - "POST /api/v1/collections/b62021d5-5088-46c6-a312-1d52fe0bdcdc/get HTTP/1.1" 200
[32mINFO[0m:     [08-10-2024 09:57:34] ::1:61185 - "POST /api/v1/collections/b62021d5-5088-46c6-a312-1d52fe0bdcdc/get HTTP/1.1" 200
[32mINFO[0m:     [08-10-2024 09:57:34] ::1:61185 - "POST /api/v1/collections/b62021d5-5088-46c6-a312-1d52fe0bdcdc/get HTTP/1.1" 200
[32mINFO[0m:     [08-10-2024 09:57:35] ::1:61185 - "POST /api/v1/collections/b62021d5-5088-46c6-a312-1d52fe0bdcdc/get HTTP/1.1" 200
[32mINFO[0m:     [08-10-2024 09:57:35] ::1:61185 - "POST /api/v1/collections/b62021d5-5088-46c6-a312-1d52fe0bdcdc/get HTTP/1.1" 200
[32mINFO[0m:     [08-10-2024 09:57:35] ::1:61185 - "POST /api/v1/collections/b62021d5-5088-46c6-a312-1d52fe0bdcdc/get HTTP/1.1" 200
[32mINFO[0m:     [08-10-2024 09:57:35] ::1:61185 - "POST /api/v1/collections/b62021d5-5088-46c6-a312-1d52fe0bdcdc/get HTTP/1.1" 200
[32mINFO[0m:     [08-10-2024 09:57:35] ::1:61185 - "POST /api/v1/collections/b62021d5-5088-46c6-a312-1d52fe0bdcdc/get HTTP/1.1" 200
[32mINFO[0m:     [08-10-2024 09:57:35] ::1:61185 - "POST /api/v1/collections/b62021d5-5088-46c6-a312-1d52fe0bdcdc/get HTTP/1.1" 200
[32mINFO[0m:     [08-10-2024 09:57:35] ::1:61185 - "POST /api/v1/collections/b62021d5-5088-46c6-a312-1d52fe0bdcdc/get HTTP/1.1" 200
[32mINFO[0m:     [08-10-2024 09:57:35] ::1:61185 - "POST /api/v1/collections/b62021d5-5088-46c6-a312-1d52fe0bdcdc/get HTTP/1.1" 200
[32mINFO[0m:     [08-10-2024 09:57:35] ::1:61185 - "POST /api/v1/collections/b62021d5-5088-46c6-a312-1d52fe0bdcdc/get HTTP/1.1" 200
[32mINFO[0m:     [08-10-2024 09:57:35] ::1:61185 - "POST /api/v1/collections/b62021d5-5088-46c6-a312-1d52fe0bdcdc/get HTTP/1.1" 200
[32mINFO[0m:     [08-10-2024 09:57:35] ::1:61185 - "POST /api/v1/collections/b62021d5-5088-46c6-a312-1d52fe0bdcdc/get HTTP/1.1" 200
[32mINFO[0m:     [08-10-2024 09:57:35] ::1:61185 - "POST /api/v1/collections/b62021d5-5088-46c6-a312-1d52fe0bdcdc/get HTTP/1.1" 200
[32mINFO[0m:     [08-10-2024 09:57:36] ::1:61185 - "POST /api/v1/collections/b62021d5-5088-46c6-a312-1d52fe0bdcdc/get HTTP/1.1" 200
[32mINFO[0m:     [08-10-2024 09:57:36] ::1:61185 - "POST /api/v1/collections/b62021d5-5088-46c6-a312-1d52fe0bdcdc/get HTTP/1.1" 200
[32mINFO[0m:     [08-10-2024 09:57:36] ::1:61185 - "POST /api/v1/collections/b62021d5-5088-46c6-a312-1d52fe0bdcdc/get HTTP/1.1" 200
[32mINFO[0m:     [08-10-2024 09:57:36] ::1:61185 - "POST /api/v1/collections/b62021d5-5088-46c6-a312-1d52fe0bdcdc/get HTTP/1.1" 200
[32mINFO[0m:     [08-10-2024 09:57:39] ::1:61185 - "POST /api/v1/collections/b62021d5-5088-46c6-a312-1d52fe0bdcdc/get HTTP/1.1" 200
[32mINFO[0m:     [08-10-2024 09:57:39] ::1:61185 - "POST /api/v1/collections/b62021d5-5088-46c6-a312-1d52fe0bdcdc/get HTTP/1.1" 200
[32mINFO[0m:     [08-10-2024 09:57:39] ::1:61185 - "POST /api/v1/collections/b62021d5-5088-46c6-a312-1d52fe0bdcdc/get HTTP/1.1" 200
[32mINFO[0m:     [08-10-2024 09:57:39] ::1:61185 - "POST /api/v1/collections/b62021d5-5088-46c6-a312-1d52fe0bdcdc/get HTTP/1.1" 200
[32mINFO[0m:     [08-10-2024 09:57:39] ::1:61185 - "POST /api/v1/collections/b62021d5-5088-46c6-a312-1d52fe0bdcdc/get HTTP/1.1" 200
[32mINFO[0m:     [08-10-2024 09:57:39] ::1:61185 - "POST /api/v1/collections/b62021d5-5088-46c6-a312-1d52fe0bdcdc/get HTTP/1.1" 200
[32mINFO[0m:     [08-10-2024 09:57:39] ::1:61185 - "POST /api/v1/collections/b62021d5-5088-46c6-a312-1d52fe0bdcdc/get HTTP/1.1" 200
[32mINFO[0m:     [08-10-2024 09:57:39] ::1:61185 - "POST /api/v1/collections/b62021d5-5088-46c6-a312-1d52fe0bdcdc/get HTTP/1.1" 200
[32mINFO[0m:     [08-10-2024 09:57:40] ::1:61185 - "POST /api/v1/collections/b62021d5-5088-46c6-a312-1d52fe0bdcdc/get HTTP/1.1" 200
[32mINFO[0m:     [08-10-2024 09:57:40] ::1:61185 - "POST /api/v1/collections/b62021d5-5088-46c6-a312-1d52fe0bdcdc/get HTTP/1.1" 200
[32mINFO[0m:     [08-10-2024 09:57:40] ::1:61185 - "POST /api/v1/collections/b62021d5-5088-46c6-a312-1d52fe0bdcdc/get HTTP/1.1" 200
[32mINFO[0m:     [08-10-2024 09:57:40] ::1:61185 - "POST /api/v1/collections/b62021d5-5088-46c6-a312-1d52fe0bdcdc/get HTTP/1.1" 200
[32mINFO[0m:     [08-10-2024 09:57:40] ::1:61185 - "POST /api/v1/collections/b62021d5-5088-46c6-a312-1d52fe0bdcdc/get HTTP/1.1" 200
[32mINFO[0m:     [08-10-2024 09:57:40] ::1:61185 - "POST /api/v1/collections/b62021d5-5088-46c6-a312-1d52fe0bdcdc/get HTTP/1.1" 200
[32mINFO[0m:     [08-10-2024 09:57:40] ::1:61185 - "POST /api/v1/collections/b62021d5-5088-46c6-a312-1d52fe0bdcdc/get HTTP/1.1" 200
[32mINFO[0m:     [08-10-2024 09:57:40] ::1:61185 - "POST /api/v1/collections/b62021d5-5088-46c6-a312-1d52fe0bdcdc/get HTTP/1.1" 200
[32mINFO[0m:     [08-10-2024 09:57:40] ::1:61185 - "POST /api/v1/collections/b62021d5-5088-46c6-a312-1d52fe0bdcdc/get HTTP/1.1" 200
[32mINFO[0m:     [08-10-2024 13:31:44] ::1:53290 - "GET /api/v1/tenants/default_tenant HTTP/1.1" 200
[32mINFO[0m:     [08-10-2024 13:31:44] ::1:53290 - "GET /api/v1/databases/default_database?tenant=default_tenant HTTP/1.1" 200
[36mDEBUG[0m:    [08-10-2024 13:31:44] Collection mandarake already exists, returning existing collection.
[32mINFO[0m:     [08-10-2024 13:31:44] ::1:53290 - "POST /api/v1/collections?tenant=default_tenant&database=default_database HTTP/1.1" 200
[32mINFO[0m:     [08-10-2024 13:33:15] ::1:53301 - "GET /api/v1/tenants/default_tenant HTTP/1.1" 200
[32mINFO[0m:     [08-10-2024 13:33:15] ::1:53301 - "GET /api/v1/databases/default_database?tenant=default_tenant HTTP/1.1" 200
[36mDEBUG[0m:    [08-10-2024 13:33:15] Collection mandarake already exists, returning existing collection.
[32mINFO[0m:     [08-10-2024 13:33:15] ::1:53301 - "POST /api/v1/collections?tenant=default_tenant&database=default_database HTTP/1.1" 200
[36mDEBUG[0m:    [08-10-2024 13:33:17] Starting component PersistentLocalHnswSegment
[32mINFO[0m:     [08-10-2024 13:33:17] ::1:53301 - "POST /api/v1/collections/b62021d5-5088-46c6-a312-1d52fe0bdcdc/query HTTP/1.1" 200
[32mINFO[0m:     [08-10-2024 13:34:49] ::1:53316 - "GET /api/v1/tenants/default_tenant HTTP/1.1" 200
[32mINFO[0m:     [08-10-2024 13:34:49] ::1:53316 - "GET /api/v1/databases/default_database?tenant=default_tenant HTTP/1.1" 200
[36mDEBUG[0m:    [08-10-2024 13:34:49] Collection mandarake already exists, returning existing collection.
[32mINFO[0m:     [08-10-2024 13:34:49] ::1:53316 - "POST /api/v1/collections?tenant=default_tenant&database=default_database HTTP/1.1" 200
[32mINFO[0m:     [08-10-2024 13:34:51] ::1:53316 - "POST /api/v1/collections/b62021d5-5088-46c6-a312-1d52fe0bdcdc/query HTTP/1.1" 200
[36mDEBUG[0m:    [08-10-2024 13:35:49] Collection mandarake already exists, returning existing collection.
[32mINFO[0m:     [08-10-2024 13:35:49] ::1:53321 - "POST /api/v1/collections?tenant=default_tenant&database=default_database HTTP/1.1" 200
[32mINFO[0m:     [08-10-2024 13:35:51] ::1:53321 - "POST /api/v1/collections/b62021d5-5088-46c6-a312-1d52fe0bdcdc/query HTTP/1.1" 200
[32mINFO[0m:     [08-10-2024 13:36:42] ::1:53325 - "GET /api/v1/tenants/default_tenant HTTP/1.1" 200
[32mINFO[0m:     [08-10-2024 13:36:42] ::1:53325 - "GET /api/v1/databases/default_database?tenant=default_tenant HTTP/1.1" 200
[36mDEBUG[0m:    [08-10-2024 13:36:43] Collection mandarake already exists, returning existing collection.
[32mINFO[0m:     [08-10-2024 13:36:43] ::1:53325 - "POST /api/v1/collections?tenant=default_tenant&database=default_database HTTP/1.1" 200
[32mINFO[0m:     [08-10-2024 13:36:44] ::1:53325 - "POST /api/v1/collections/b62021d5-5088-46c6-a312-1d52fe0bdcdc/query HTTP/1.1" 200
[32mINFO[0m:     [08-10-2024 13:46:31] ::1:53364 - "GET /api/v1/tenants/default_tenant HTTP/1.1" 200
[32mINFO[0m:     [08-10-2024 13:46:31] ::1:53364 - "GET /api/v1/databases/default_database?tenant=default_tenant HTTP/1.1" 200
[36mDEBUG[0m:    [08-10-2024 13:46:31] Collection mandarake already exists, returning existing collection.
[32mINFO[0m:     [08-10-2024 13:46:31] ::1:53364 - "POST /api/v1/collections?tenant=default_tenant&database=default_database HTTP/1.1" 200
[32mINFO[0m:     [08-10-2024 13:46:32] ::1:53364 - "POST /api/v1/collections/b62021d5-5088-46c6-a312-1d52fe0bdcdc/query HTTP/1.1" 200
